#
# A fatal error has been detected by the Java Runtime Environment:
#
#  SIGSEGV (0xb) at pc=0x000000012455b490, pid=10467, tid=259
#
# JRE version: OpenJDK Runtime Environment Corretto-21.0.6.7.1 (21.0.6+7) (build 21.0.6+7-LTS)
# Java VM: OpenJDK 64-Bit Server VM Corretto-21.0.6.7.1 (21.0.6+7-LTS, mixed mode, sharing, tiered, compressed oops, compressed class ptrs, g1 gc, bsd-aarch64)
# Problematic frame:
# C  [libglass.dylib+0x3490]
#
# No core dump will be written. Core dumps have been disabled. To enable core dumping, try "ulimit -c unlimited" before starting Java again
#
# If you would like to submit a bug report, please visit:
#   https://github.com/corretto/corretto-21/issues/
#

---------------  S U M M A R Y ------------

Command Line: -javaagent:/Applications/IntelliJ IDEA.app/Contents/lib/idea_rt.jar=57839:/Applications/IntelliJ IDEA.app/Contents/bin -Dfile.encoding=UTF-8 -Dsun.stdout.encoding=UTF-8 -Dsun.stderr.encoding=UTF-8 --module-path=/Users/maevebrady/.m2/repository/org/openjfx/javafx-controls/20.0.1/javafx-controls-20.0.1-mac-aarch64.jar:/Users/maevebrady/.m2/repository/org/openjfx/javafx-base/20.0.1/javafx-base-20.0.1-mac-aarch64.jar:/Users/maevebrady/IdeaProjects/fluffyKittenGroup28_part2/FXMLPolygon/HexagonalBoard/target/classes:/Users/maevebrady/.m2/repository/org/openjfx/javafx-graphics/20.0.1/javafx-graphics-20.0.1-mac-aarch64.jar:/Users/maevebrady/.m2/repository/org/openjfx/javafx-fxml/20.0.1/javafx-fxml-20.0.1-mac-aarch64.jar -Djdk.module.main=comp20050.hexagonalboard comp20050.hexagonalboard/comp20050.hexagonalboard.HelloApplication

Host: "MacBookAir10,1" arm64, 8 cores, 16G, Darwin 22.1.0, macOS 13.0 (22A380)
Time: Sun Mar  9 18:53:54 2025 GMT elapsed time: 12.355750 seconds (0d 0h 0m 12s)

---------------  T H R E A D  ---------------

Current thread is native thread

Stack: [0x000000016b474000,0x000000016bc70000],  sp=0x000000016bc6bb40,  free space=8158k
Native frames: (J=compiled Java code, j=interpreted, Vv=VM code, C=native code)
C  [libglass.dylib+0x3490]
C  [CoreFoundation+0x7658c]  __CFNOTIFICATIONCENTER_IS_CALLING_OUT_TO_AN_OBSERVER__+0x94
C  [CoreFoundation+0x114074]  ___CFXRegistrationPost_block_invoke+0x58
C  [CoreFoundation+0x113fbc]  _CFXRegistrationPost+0x1b8
C  [CoreFoundation+0x47bac]  _CFXNotificationPost+0x2c4
C  [Foundation+0x972c]  -[NSNotificationCenter postNotificationName:object:userInfo:]+0x58
C  [AppKit+0x1965f8]  -[NSWindow resignKeyWindow]+0x284
C  [AppKit+0x81883c]  -[NSWindow _orderOut:calculatingKeyWithOptions:documentWindow:]+0x108
C  [AppKit+0x7c6cc]  NSPerformVisuallyAtomicChange+0x6c
C  [AppKit+0x81a158]  -[NSWindow _reallyDoOrderWindowOutRelativeTo:]+0x1e8
C  [AppKit+0x81a4a4]  -[NSWindow _reallyDoOrderWindow:]+0x50
C  [AppKit+0x81a6f4]  -[NSWindow _doOrderWindow:]+0x108
C  [AppKit+0x8163f0]  -[NSWindow _finishClosingWindow]+0xec
C  [AppKit+0x2c8034]  -[NSWindow _close]+0x114
C  [libglass.dylib+0x189e4]  Java_com_sun_glass_ui_mac_MacPasteboard__1getAllowedOperation+0x3a0
C  [Foundation+0x79b30]  __NSThreadPerformPerform+0x108
C  [CoreFoundation+0x81a34]  __CFRUNLOOP_IS_CALLING_OUT_TO_A_SOURCE0_PERFORM_FUNCTION__+0x1c
C  [CoreFoundation+0x819c8]  __CFRunLoopDoSource0+0xb0
C  [CoreFoundation+0x81798]  __CFRunLoopDoSources0+0x154
C  [CoreFoundation+0x8033c]  __CFRunLoopRun+0x344
C  [CoreFoundation+0x7f8a4]  CFRunLoopRunSpecific+0x264
C  [libjli.dylib+0xce18]  CreateExecutionEnvironment+0x194
C  [libjli.dylib+0x8c70]  JLI_Launch+0x460
C  [java+0x3bb4]  main+0x194
C  [dyld+0x5e50]  start+0x9f0

siginfo: si_signo: 11 (SIGSEGV), si_code: 2 (SEGV_ACCERR), si_addr: 0x0000000000000000

Registers:
 x0=0x0000000000000000  x1=0x0000000104280600  x2=0x00000001350f7400  x3=0x0000000000000029
 x4=0xffffffffffdfb8c8  x5=0x0000000000000010  x6=0x0000000000002200  x7=0x0000000000000000
 x8=0x0000000000000103  x9=0x0000000000000103 x10=0x0000000000bf3d01 x11=0x000000000068fe00
x12=0x0000000135000028 x13=0x00000000ffff8029 x14=0x0000000000000779 x15=0x00000000ffff7dff
x16=0x00000000bf850646 x17=0x00000001881d7ab8 x18=0x0000000000000000 x19=0x000060000343e1c0
x20=0x00000001350f5200 x21=0x0000000000000000 x22=0x000000012459a4a8 x23=0x00000001350f52c8
x24=0x0000000000000000 x25=0x0000000000041400 x26=0x0000000000000000 x27=0x0000004600000045
x28=0x000000016bc6c048  fp=0x000000016bc6bf90  lr=0x494d80012455b48c  sp=0x000000016bc6bb40
pc=0x000000012455b490 cpsr=0x0000000060001000

Top of Stack: (sp=0x000000016bc6bb40)
0x000000016bc6bb40:   000000012458a652 000000012458a5cd
0x000000016bc6bb50:   0000000000000060 000000012455b450
0x000000016bc6bb60:   000000018844658c 00000001884e4074
0x000000016bc6bb70:   00000001884e3fbc 0000000188417bac
0x000000016bc6bb80:   000000018930472c 000000018b8055f8
0x000000016bc6bb90:   000000018be8783c 000000018b6eb6cc
0x000000016bc6bba0:   000000018be89158 000000018be894a4
0x000000016bc6bbb0:   000000018be896f4 000000018be853f0
0x000000016bc6bbc0:   000000018b937034 00000001245709e4
0x000000016bc6bbd0:   0000000189374b30 0000000188451a34
0x000000016bc6bbe0:   00000001884519c8 0000000188451798
0x000000016bc6bbf0:   000000018845033c 000000018844f8a4
0x000000016bc6bc00:   000000010425ce18 0000000104258c70
0x000000016bc6bc10:   0000000104193bb4 0000000188047e50
0x000000016bc6bc20:   0000000000000000 0000000000000000
0x000000016bc6bc30:   0000000000000000 0000000000000000
0x000000016bc6bc40:   0000000000000000 0000000000000000
0x000000016bc6bc50:   0000000000000000 0000000000000000
0x000000016bc6bc60:   0000000000000000 0000000000000000
0x000000016bc6bc70:   0000000000000000 0000000000000000
0x000000016bc6bc80:   0000000000000000 0000000000000000
0x000000016bc6bc90:   0000000000000000 0000000000000000
0x000000016bc6bca0:   0000000000000000 0000000000000000
0x000000016bc6bcb0:   0000000000000000 0000000000000000
0x000000016bc6bcc0:   000000016bc6bdc9 0000600002d6a768
0x000000016bc6bcd0:   0000600001358000 0000000135816158
0x000000016bc6bce0:   000000016bc6bd70 a25dc1703a6200b6
0x000000016bc6bcf0:   0000000000000000 0000000000000029
0x000000016bc6bd00:   00000001e48de560 000000000000001b
0x000000016bc6bd10:   0000000000000029 000000013583d940
0x000000016bc6bd20:   0000600000696f80 000060000089d7a0
0x000000016bc6bd30:   000000016bc6bd60 0a618001883d9620 

Instructions: (pc=0x000000012455b490)
0x000000012455b390:   3f 01 08 eb e1 00 00 54 ff 83 10 91 fd 7b 43 a9
0x000000012455b3a0:   f4 4f 42 a9 f6 57 41 a9 f8 5f c4 a8 c0 03 5f d6
0x000000012455b3b0:   c3 a3 00 94 f8 5f bc a9 f6 57 01 a9 f4 4f 02 a9
0x000000012455b3c0:   fd 7b 03 a9 fd c3 00 91 ff 83 10 d1 1f 20 03 d5
0x000000012455b3d0:   08 6a 1a 58 08 01 40 f9 a8 83 1c f8 1f 20 03 d5
0x000000012455b3e0:   1f 20 03 d5 68 31 1f 98 08 68 68 f8 a8 06 00 b5
0x000000012455b3f0:   f3 03 00 aa 1f 20 03 d5 81 88 1e 58 5b a4 00 94
0x000000012455b400:   56 85 1f 10 1f 20 03 d5 c0 02 40 f9 20 04 00 b5
0x000000012455b410:   1f 20 03 d5 28 68 1a 58 00 01 40 f9 08 0c 80 52
0x000000012455b420:   e8 0b 00 f9 48 8d 17 30 1f 20 03 d5 29 91 17 50
0x000000012455b430:   1f 20 03 d5 e9 23 00 a9 a1 88 17 10 1f 20 03 d5
0x000000012455b440:   ba a3 00 94 e0 63 00 91 01 10 80 52 a8 a3 00 94
0x000000012455b450:   f5 03 00 aa e0 63 00 91 e1 03 15 aa a7 a3 00 94
0x000000012455b460:   f4 03 00 aa bf 06 00 71 eb 00 00 54 f5 03 15 2a
0x000000012455b470:   f7 03 14 aa e0 86 40 f8 87 a4 00 94 b5 06 00 f1
0x000000012455b480:   a1 ff ff 54 e0 03 14 aa ab a3 00 94 c0 02 40 f9
0x000000012455b490:   08 00 40 f9 08 f5 40 f9 1f 20 03 d5 1f 20 03 d5
0x000000012455b4a0:   c9 2a 1f 98 61 6a 69 f8 1f 20 03 d5 1f 20 03 d5
0x000000012455b4b0:   c2 83 1f 58 a9 43 80 52 e9 03 00 f9 00 01 3f d6
0x000000012455b4c0:   a8 83 5c f8 1f 20 03 d5 49 62 1a 58 29 01 40 f9
0x000000012455b4d0:   3f 01 08 eb e1 00 00 54 ff 83 10 91 fd 7b 43 a9
0x000000012455b4e0:   f4 4f 42 a9 f6 57 41 a9 f8 5f c4 a8 c0 03 5f d6
0x000000012455b4f0:   73 a3 00 94 f8 5f bc a9 f6 57 01 a9 f4 4f 02 a9
0x000000012455b500:   fd 7b 03 a9 fd c3 00 91 f3 03 00 aa 1f 20 03 d5
0x000000012455b510:   1f 20 03 d5 55 27 1f 98 00 68 75 f8 1f 20 03 d5
0x000000012455b520:   94 7f 1e 58 e1 03 14 aa 10 a4 00 94 00 01 00 b4
0x000000012455b530:   60 6a 75 f8 e1 03 14 aa 0c a4 00 94 62 6a 75 f8
0x000000012455b540:   1f 20 03 d5 a1 7e 1e 58 08 a4 00 94 60 6a 75 f8
0x000000012455b550:   1f 20 03 d5 61 7e 1e 58 04 a4 00 94 f4 03 00 aa
0x000000012455b560:   1f 20 03 d5 35 7e 1e 58 e1 03 15 aa ff a3 00 94
0x000000012455b570:   40 02 00 b4 16 00 80 d2 1f 20 03 d5 b7 7d 1e 58
0x000000012455b580:   1f 20 03 d5 b8 7d 1e 58 e0 03 14 aa e1 03 17 aa 



---------------  P R O C E S S  ---------------

VM state: at safepoint (normal execution)

VM Mutex/Monitor currently owned by a thread:  ([mutex/lock_event])
[0x00000001061fb698] Threads_lock - owner thread: 0x0000000134608f60
[0x00000001061fb718] Heap_lock - owner thread: 0x000000013505b000

Heap address: 0x0000000700000000, size: 4096 MB, Compressed Oops mode: Zero based, Oop shift amount: 3

CDS archive(s) mapped at: [0x0000000300000000-0x0000000300c90000-0x0000000300c90000), size 13172736, SharedBaseAddress: 0x0000000300000000, ArchiveRelocationMode: 1.
Compressed class space mapped at: 0x0000000301000000-0x0000000341000000, reserved size: 1073741824
Narrow klass base: 0x0000000300000000, Narrow klass shift: 0, Narrow klass range: 0x100000000

GC Precious Log:
<Skipped>

Heap:
 garbage-first heap   total 264192K, used 42591K [0x0000000700000000, 0x0000000800000000)
  region size 2048K, 21 young (43008K), 2 survivors (4096K)
 Metaspace       used 12893K, committed 13184K, reserved 1114112K
  class space    used 1726K, committed 1856K, reserved 1048576K

Heap Regions: E=young(eden), S=young(survivor), O=old, HS=humongous(starts), HC=humongous(continues), CS=collection set, F=free, TAMS=top-at-mark-start, PB=parsable bottom
|   0|0x0000000700000000, 0x0000000700200000, 0x0000000700200000|100%|HS|  |TAMS 0x0000000700000000| PB 0x0000000700000000| Complete 
|   1|0x0000000700200000, 0x0000000700200000, 0x0000000700400000|  0%| F|  |TAMS 0x0000000700200000| PB 0x0000000700200000| Untracked 
|   2|0x0000000700400000, 0x0000000700400000, 0x0000000700600000|  0%| F|  |TAMS 0x0000000700400000| PB 0x0000000700400000| Untracked 
|   3|0x0000000700600000, 0x0000000700600000, 0x0000000700800000|  0%| F|  |TAMS 0x0000000700600000| PB 0x0000000700600000| Untracked 
|   4|0x0000000700800000, 0x0000000700800000, 0x0000000700a00000|  0%| F|  |TAMS 0x0000000700800000| PB 0x0000000700800000| Untracked 
|   5|0x0000000700a00000, 0x0000000700a00000, 0x0000000700c00000|  0%| F|  |TAMS 0x0000000700a00000| PB 0x0000000700a00000| Untracked 
|   6|0x0000000700c00000, 0x0000000700c00000, 0x0000000700e00000|  0%| F|  |TAMS 0x0000000700c00000| PB 0x0000000700c00000| Untracked 
|   7|0x0000000700e00000, 0x0000000700e00000, 0x0000000701000000|  0%| F|  |TAMS 0x0000000700e00000| PB 0x0000000700e00000| Untracked 
|   8|0x0000000701000000, 0x0000000701000000, 0x0000000701200000|  0%| F|  |TAMS 0x0000000701000000| PB 0x0000000701000000| Untracked 
|   9|0x0000000701200000, 0x0000000701200000, 0x0000000701400000|  0%| F|  |TAMS 0x0000000701200000| PB 0x0000000701200000| Untracked 
|  10|0x0000000701400000, 0x0000000701400000, 0x0000000701600000|  0%| F|  |TAMS 0x0000000701400000| PB 0x0000000701400000| Untracked 
|  11|0x0000000701600000, 0x0000000701600000, 0x0000000701800000|  0%| F|  |TAMS 0x0000000701600000| PB 0x0000000701600000| Untracked 
|  12|0x0000000701800000, 0x0000000701800000, 0x0000000701a00000|  0%| F|  |TAMS 0x0000000701800000| PB 0x0000000701800000| Untracked 
|  13|0x0000000701a00000, 0x0000000701a00000, 0x0000000701c00000|  0%| F|  |TAMS 0x0000000701a00000| PB 0x0000000701a00000| Untracked 
|  14|0x0000000701c00000, 0x0000000701c00000, 0x0000000701e00000|  0%| F|  |TAMS 0x0000000701c00000| PB 0x0000000701c00000| Untracked 
|  15|0x0000000701e00000, 0x0000000701e00000, 0x0000000702000000|  0%| F|  |TAMS 0x0000000701e00000| PB 0x0000000701e00000| Untracked 
|  16|0x0000000702000000, 0x0000000702000000, 0x0000000702200000|  0%| F|  |TAMS 0x0000000702000000| PB 0x0000000702000000| Untracked 
|  17|0x0000000702200000, 0x0000000702200000, 0x0000000702400000|  0%| F|  |TAMS 0x0000000702200000| PB 0x0000000702200000| Untracked 
|  18|0x0000000702400000, 0x0000000702400000, 0x0000000702600000|  0%| F|  |TAMS 0x0000000702400000| PB 0x0000000702400000| Untracked 
|  19|0x0000000702600000, 0x0000000702600000, 0x0000000702800000|  0%| F|  |TAMS 0x0000000702600000| PB 0x0000000702600000| Untracked 
|  20|0x0000000702800000, 0x0000000702800000, 0x0000000702a00000|  0%| F|  |TAMS 0x0000000702800000| PB 0x0000000702800000| Untracked 
|  21|0x0000000702a00000, 0x0000000702a00000, 0x0000000702c00000|  0%| F|  |TAMS 0x0000000702a00000| PB 0x0000000702a00000| Untracked 
|  22|0x0000000702c00000, 0x0000000702c00000, 0x0000000702e00000|  0%| F|  |TAMS 0x0000000702c00000| PB 0x0000000702c00000| Untracked 
|  23|0x0000000702e00000, 0x0000000702e00000, 0x0000000703000000|  0%| F|  |TAMS 0x0000000702e00000| PB 0x0000000702e00000| Untracked 
|  24|0x0000000703000000, 0x0000000703000000, 0x0000000703200000|  0%| F|  |TAMS 0x0000000703000000| PB 0x0000000703000000| Untracked 
|  25|0x0000000703200000, 0x0000000703200000, 0x0000000703400000|  0%| F|  |TAMS 0x0000000703200000| PB 0x0000000703200000| Untracked 
|  26|0x0000000703400000, 0x0000000703400000, 0x0000000703600000|  0%| F|  |TAMS 0x0000000703400000| PB 0x0000000703400000| Untracked 
|  27|0x0000000703600000, 0x0000000703600000, 0x0000000703800000|  0%| F|  |TAMS 0x0000000703600000| PB 0x0000000703600000| Untracked 
|  28|0x0000000703800000, 0x0000000703800000, 0x0000000703a00000|  0%| F|  |TAMS 0x0000000703800000| PB 0x0000000703800000| Untracked 
|  29|0x0000000703a00000, 0x0000000703a00000, 0x0000000703c00000|  0%| F|  |TAMS 0x0000000703a00000| PB 0x0000000703a00000| Untracked 
|  30|0x0000000703c00000, 0x0000000703c00000, 0x0000000703e00000|  0%| F|  |TAMS 0x0000000703c00000| PB 0x0000000703c00000| Untracked 
|  31|0x0000000703e00000, 0x0000000703e00000, 0x0000000704000000|  0%| F|  |TAMS 0x0000000703e00000| PB 0x0000000703e00000| Untracked 
|  32|0x0000000704000000, 0x0000000704000000, 0x0000000704200000|  0%| F|  |TAMS 0x0000000704000000| PB 0x0000000704000000| Untracked 
|  33|0x0000000704200000, 0x0000000704200000, 0x0000000704400000|  0%| F|  |TAMS 0x0000000704200000| PB 0x0000000704200000| Untracked 
|  34|0x0000000704400000, 0x0000000704400000, 0x0000000704600000|  0%| F|  |TAMS 0x0000000704400000| PB 0x0000000704400000| Untracked 
|  35|0x0000000704600000, 0x0000000704600000, 0x0000000704800000|  0%| F|  |TAMS 0x0000000704600000| PB 0x0000000704600000| Untracked 
|  36|0x0000000704800000, 0x0000000704800000, 0x0000000704a00000|  0%| F|  |TAMS 0x0000000704800000| PB 0x0000000704800000| Untracked 
|  37|0x0000000704a00000, 0x0000000704a00000, 0x0000000704c00000|  0%| F|  |TAMS 0x0000000704a00000| PB 0x0000000704a00000| Untracked 
|  38|0x0000000704c00000, 0x0000000704c00000, 0x0000000704e00000|  0%| F|  |TAMS 0x0000000704c00000| PB 0x0000000704c00000| Untracked 
|  39|0x0000000704e00000, 0x0000000704e00000, 0x0000000705000000|  0%| F|  |TAMS 0x0000000704e00000| PB 0x0000000704e00000| Untracked 
|  40|0x0000000705000000, 0x0000000705000000, 0x0000000705200000|  0%| F|  |TAMS 0x0000000705000000| PB 0x0000000705000000| Untracked 
|  41|0x0000000705200000, 0x0000000705200000, 0x0000000705400000|  0%| F|  |TAMS 0x0000000705200000| PB 0x0000000705200000| Untracked 
|  42|0x0000000705400000, 0x0000000705400000, 0x0000000705600000|  0%| F|  |TAMS 0x0000000705400000| PB 0x0000000705400000| Untracked 
|  43|0x0000000705600000, 0x0000000705600000, 0x0000000705800000|  0%| F|  |TAMS 0x0000000705600000| PB 0x0000000705600000| Untracked 
|  44|0x0000000705800000, 0x0000000705800000, 0x0000000705a00000|  0%| F|  |TAMS 0x0000000705800000| PB 0x0000000705800000| Untracked 
|  45|0x0000000705a00000, 0x0000000705a00000, 0x0000000705c00000|  0%| F|  |TAMS 0x0000000705a00000| PB 0x0000000705a00000| Untracked 
|  46|0x0000000705c00000, 0x0000000705c00000, 0x0000000705e00000|  0%| F|  |TAMS 0x0000000705c00000| PB 0x0000000705c00000| Untracked 
|  47|0x0000000705e00000, 0x0000000705e00000, 0x0000000706000000|  0%| F|  |TAMS 0x0000000705e00000| PB 0x0000000705e00000| Untracked 
|  48|0x0000000706000000, 0x0000000706000000, 0x0000000706200000|  0%| F|  |TAMS 0x0000000706000000| PB 0x0000000706000000| Untracked 
|  49|0x0000000706200000, 0x0000000706200000, 0x0000000706400000|  0%| F|  |TAMS 0x0000000706200000| PB 0x0000000706200000| Untracked 
|  50|0x0000000706400000, 0x0000000706400000, 0x0000000706600000|  0%| F|  |TAMS 0x0000000706400000| PB 0x0000000706400000| Untracked 
|  51|0x0000000706600000, 0x0000000706600000, 0x0000000706800000|  0%| F|  |TAMS 0x0000000706600000| PB 0x0000000706600000| Untracked 
|  52|0x0000000706800000, 0x0000000706800000, 0x0000000706a00000|  0%| F|  |TAMS 0x0000000706800000| PB 0x0000000706800000| Untracked 
|  53|0x0000000706a00000, 0x0000000706a00000, 0x0000000706c00000|  0%| F|  |TAMS 0x0000000706a00000| PB 0x0000000706a00000| Untracked 
|  54|0x0000000706c00000, 0x0000000706c00000, 0x0000000706e00000|  0%| F|  |TAMS 0x0000000706c00000| PB 0x0000000706c00000| Untracked 
|  55|0x0000000706e00000, 0x0000000706e00000, 0x0000000707000000|  0%| F|  |TAMS 0x0000000706e00000| PB 0x0000000706e00000| Untracked 
|  56|0x0000000707000000, 0x0000000707000000, 0x0000000707200000|  0%| F|  |TAMS 0x0000000707000000| PB 0x0000000707000000| Untracked 
|  57|0x0000000707200000, 0x0000000707200000, 0x0000000707400000|  0%| F|  |TAMS 0x0000000707200000| PB 0x0000000707200000| Untracked 
|  58|0x0000000707400000, 0x0000000707400000, 0x0000000707600000|  0%| F|  |TAMS 0x0000000707400000| PB 0x0000000707400000| Untracked 
|  59|0x0000000707600000, 0x0000000707600000, 0x0000000707800000|  0%| F|  |TAMS 0x0000000707600000| PB 0x0000000707600000| Untracked 
|  60|0x0000000707800000, 0x0000000707800000, 0x0000000707a00000|  0%| F|  |TAMS 0x0000000707800000| PB 0x0000000707800000| Untracked 
|  61|0x0000000707a00000, 0x0000000707a00000, 0x0000000707c00000|  0%| F|  |TAMS 0x0000000707a00000| PB 0x0000000707a00000| Untracked 
|  62|0x0000000707c00000, 0x0000000707c00000, 0x0000000707e00000|  0%| F|  |TAMS 0x0000000707c00000| PB 0x0000000707c00000| Untracked 
|  63|0x0000000707e00000, 0x0000000707e00000, 0x0000000708000000|  0%| F|  |TAMS 0x0000000707e00000| PB 0x0000000707e00000| Untracked 
|  64|0x0000000708000000, 0x0000000708000000, 0x0000000708200000|  0%| F|  |TAMS 0x0000000708000000| PB 0x0000000708000000| Untracked 
|  65|0x0000000708200000, 0x0000000708200000, 0x0000000708400000|  0%| F|  |TAMS 0x0000000708200000| PB 0x0000000708200000| Untracked 
|  66|0x0000000708400000, 0x0000000708400000, 0x0000000708600000|  0%| F|  |TAMS 0x0000000708400000| PB 0x0000000708400000| Untracked 
|  67|0x0000000708600000, 0x0000000708600000, 0x0000000708800000|  0%| F|  |TAMS 0x0000000708600000| PB 0x0000000708600000| Untracked 
|  68|0x0000000708800000, 0x0000000708800000, 0x0000000708a00000|  0%| F|  |TAMS 0x0000000708800000| PB 0x0000000708800000| Untracked 
|  69|0x0000000708a00000, 0x0000000708a00000, 0x0000000708c00000|  0%| F|  |TAMS 0x0000000708a00000| PB 0x0000000708a00000| Untracked 
|  70|0x0000000708c00000, 0x0000000708c00000, 0x0000000708e00000|  0%| F|  |TAMS 0x0000000708c00000| PB 0x0000000708c00000| Untracked 
|  71|0x0000000708e00000, 0x0000000708e00000, 0x0000000709000000|  0%| F|  |TAMS 0x0000000708e00000| PB 0x0000000708e00000| Untracked 
|  72|0x0000000709000000, 0x0000000709000000, 0x0000000709200000|  0%| F|  |TAMS 0x0000000709000000| PB 0x0000000709000000| Untracked 
|  73|0x0000000709200000, 0x0000000709200000, 0x0000000709400000|  0%| F|  |TAMS 0x0000000709200000| PB 0x0000000709200000| Untracked 
|  74|0x0000000709400000, 0x0000000709400000, 0x0000000709600000|  0%| F|  |TAMS 0x0000000709400000| PB 0x0000000709400000| Untracked 
|  75|0x0000000709600000, 0x0000000709600000, 0x0000000709800000|  0%| F|  |TAMS 0x0000000709600000| PB 0x0000000709600000| Untracked 
|  76|0x0000000709800000, 0x0000000709800000, 0x0000000709a00000|  0%| F|  |TAMS 0x0000000709800000| PB 0x0000000709800000| Untracked 
|  77|0x0000000709a00000, 0x0000000709a00000, 0x0000000709c00000|  0%| F|  |TAMS 0x0000000709a00000| PB 0x0000000709a00000| Untracked 
|  78|0x0000000709c00000, 0x0000000709c00000, 0x0000000709e00000|  0%| F|  |TAMS 0x0000000709c00000| PB 0x0000000709c00000| Untracked 
|  79|0x0000000709e00000, 0x0000000709e00000, 0x000000070a000000|  0%| F|  |TAMS 0x0000000709e00000| PB 0x0000000709e00000| Untracked 
|  80|0x000000070a000000, 0x000000070a000000, 0x000000070a200000|  0%| F|  |TAMS 0x000000070a000000| PB 0x000000070a000000| Untracked 
|  81|0x000000070a200000, 0x000000070a200000, 0x000000070a400000|  0%| F|  |TAMS 0x000000070a200000| PB 0x000000070a200000| Untracked 
|  82|0x000000070a400000, 0x000000070a400000, 0x000000070a600000|  0%| F|  |TAMS 0x000000070a400000| PB 0x000000070a400000| Untracked 
|  83|0x000000070a600000, 0x000000070a600000, 0x000000070a800000|  0%| F|  |TAMS 0x000000070a600000| PB 0x000000070a600000| Untracked 
|  84|0x000000070a800000, 0x000000070a800000, 0x000000070aa00000|  0%| F|  |TAMS 0x000000070a800000| PB 0x000000070a800000| Untracked 
|  85|0x000000070aa00000, 0x000000070aa00000, 0x000000070ac00000|  0%| F|  |TAMS 0x000000070aa00000| PB 0x000000070aa00000| Untracked 
|  86|0x000000070ac00000, 0x000000070ac00000, 0x000000070ae00000|  0%| F|  |TAMS 0x000000070ac00000| PB 0x000000070ac00000| Untracked 
|  87|0x000000070ae00000, 0x000000070ae00000, 0x000000070b000000|  0%| F|  |TAMS 0x000000070ae00000| PB 0x000000070ae00000| Untracked 
|  88|0x000000070b000000, 0x000000070b000000, 0x000000070b200000|  0%| F|  |TAMS 0x000000070b000000| PB 0x000000070b000000| Untracked 
|  89|0x000000070b200000, 0x000000070b200000, 0x000000070b400000|  0%| F|  |TAMS 0x000000070b200000| PB 0x000000070b200000| Untracked 
|  90|0x000000070b400000, 0x000000070b400000, 0x000000070b600000|  0%| F|  |TAMS 0x000000070b400000| PB 0x000000070b400000| Untracked 
|  91|0x000000070b600000, 0x000000070b600000, 0x000000070b800000|  0%| F|  |TAMS 0x000000070b600000| PB 0x000000070b600000| Untracked 
|  92|0x000000070b800000, 0x000000070b800000, 0x000000070ba00000|  0%| F|  |TAMS 0x000000070b800000| PB 0x000000070b800000| Untracked 
|  93|0x000000070ba00000, 0x000000070ba00000, 0x000000070bc00000|  0%| F|  |TAMS 0x000000070ba00000| PB 0x000000070ba00000| Untracked 
|  94|0x000000070bc00000, 0x000000070bc00000, 0x000000070be00000|  0%| F|  |TAMS 0x000000070bc00000| PB 0x000000070bc00000| Untracked 
|  95|0x000000070be00000, 0x000000070be00000, 0x000000070c000000|  0%| F|  |TAMS 0x000000070be00000| PB 0x000000070be00000| Untracked 
|  96|0x000000070c000000, 0x000000070c000000, 0x000000070c200000|  0%| F|  |TAMS 0x000000070c000000| PB 0x000000070c000000| Untracked 
|  97|0x000000070c200000, 0x000000070c200000, 0x000000070c400000|  0%| F|  |TAMS 0x000000070c200000| PB 0x000000070c200000| Untracked 
|  98|0x000000070c400000, 0x000000070c400000, 0x000000070c600000|  0%| F|  |TAMS 0x000000070c400000| PB 0x000000070c400000| Untracked 
|  99|0x000000070c600000, 0x000000070c600000, 0x000000070c800000|  0%| F|  |TAMS 0x000000070c600000| PB 0x000000070c600000| Untracked 
| 100|0x000000070c800000, 0x000000070c800000, 0x000000070ca00000|  0%| F|  |TAMS 0x000000070c800000| PB 0x000000070c800000| Untracked 
| 101|0x000000070ca00000, 0x000000070ca00000, 0x000000070cc00000|  0%| F|  |TAMS 0x000000070ca00000| PB 0x000000070ca00000| Untracked 
| 102|0x000000070cc00000, 0x000000070cc00000, 0x000000070ce00000|  0%| F|  |TAMS 0x000000070cc00000| PB 0x000000070cc00000| Untracked 
| 103|0x000000070ce00000, 0x000000070ce00000, 0x000000070d000000|  0%| F|  |TAMS 0x000000070ce00000| PB 0x000000070ce00000| Untracked 
| 104|0x000000070d000000, 0x000000070d000000, 0x000000070d200000|  0%| F|  |TAMS 0x000000070d000000| PB 0x000000070d000000| Untracked 
| 105|0x000000070d200000, 0x000000070d200000, 0x000000070d400000|  0%| F|  |TAMS 0x000000070d200000| PB 0x000000070d200000| Untracked 
| 106|0x000000070d400000, 0x000000070d400000, 0x000000070d600000|  0%| F|  |TAMS 0x000000070d400000| PB 0x000000070d400000| Untracked 
| 107|0x000000070d600000, 0x000000070d6a3060, 0x000000070d800000| 31%| E|  |TAMS 0x000000070d600000| PB 0x000000070d600000| Complete 
| 108|0x000000070d800000, 0x000000070da00000, 0x000000070da00000|100%| E|CS|TAMS 0x000000070d800000| PB 0x000000070d800000| Complete 
| 109|0x000000070da00000, 0x000000070dc00000, 0x000000070dc00000|100%| E|CS|TAMS 0x000000070da00000| PB 0x000000070da00000| Complete 
| 110|0x000000070dc00000, 0x000000070de00000, 0x000000070de00000|100%| E|CS|TAMS 0x000000070dc00000| PB 0x000000070dc00000| Complete 
| 111|0x000000070de00000, 0x000000070e000000, 0x000000070e000000|100%| E|CS|TAMS 0x000000070de00000| PB 0x000000070de00000| Complete 
| 112|0x000000070e000000, 0x000000070e200000, 0x000000070e200000|100%| E|CS|TAMS 0x000000070e000000| PB 0x000000070e000000| Complete 
| 113|0x000000070e200000, 0x000000070e400000, 0x000000070e400000|100%| E|CS|TAMS 0x000000070e200000| PB 0x000000070e200000| Complete 
| 114|0x000000070e400000, 0x000000070e600000, 0x000000070e600000|100%| E|CS|TAMS 0x000000070e400000| PB 0x000000070e400000| Complete 
| 115|0x000000070e600000, 0x000000070e690018, 0x000000070e800000| 28%| S|CS|TAMS 0x000000070e600000| PB 0x000000070e600000| Complete 
| 116|0x000000070e800000, 0x000000070ea00000, 0x000000070ea00000|100%| S|CS|TAMS 0x000000070e800000| PB 0x000000070e800000| Complete 
| 117|0x000000070ea00000, 0x000000070ec00000, 0x000000070ec00000|100%| E|CS|TAMS 0x000000070ea00000| PB 0x000000070ea00000| Complete 
| 118|0x000000070ec00000, 0x000000070ee00000, 0x000000070ee00000|100%| E|CS|TAMS 0x000000070ec00000| PB 0x000000070ec00000| Complete 
| 119|0x000000070ee00000, 0x000000070f000000, 0x000000070f000000|100%| E|CS|TAMS 0x000000070ee00000| PB 0x000000070ee00000| Complete 
| 120|0x000000070f000000, 0x000000070f200000, 0x000000070f200000|100%| E|CS|TAMS 0x000000070f000000| PB 0x000000070f000000| Complete 
| 121|0x000000070f200000, 0x000000070f400000, 0x000000070f400000|100%| E|CS|TAMS 0x000000070f200000| PB 0x000000070f200000| Complete 
| 122|0x000000070f400000, 0x000000070f600000, 0x000000070f600000|100%| E|CS|TAMS 0x000000070f400000| PB 0x000000070f400000| Complete 
| 123|0x000000070f600000, 0x000000070f800000, 0x000000070f800000|100%| E|CS|TAMS 0x000000070f600000| PB 0x000000070f600000| Complete 
| 124|0x000000070f800000, 0x000000070fa00000, 0x000000070fa00000|100%| E|CS|TAMS 0x000000070f800000| PB 0x000000070f800000| Complete 
| 125|0x000000070fa00000, 0x000000070fc00000, 0x000000070fc00000|100%| E|CS|TAMS 0x000000070fa00000| PB 0x000000070fa00000| Complete 
| 126|0x000000070fc00000, 0x000000070fe00000, 0x000000070fe00000|100%| E|CS|TAMS 0x000000070fc00000| PB 0x000000070fc00000| Complete 
| 127|0x000000070fe00000, 0x0000000710000000, 0x0000000710000000|100%| E|CS|TAMS 0x000000070fe00000| PB 0x000000070fe00000| Complete 
|2047|0x00000007ffe00000, 0x00000007fff07fb0, 0x0000000800000000| 51%| O|  |TAMS 0x00000007ffe00000| PB 0x00000007ffe00000| Untracked 

Card table byte_map: [0x000000011dc00000,0x000000011e400000] _byte_map_base: 0x000000011a400000

Marking Bits: (CMBitMap*) 0x0000000136018e10
 Bits: [0x000000011e400000, 0x0000000122400000)

Polling page: 0x00000001041e8000

Metaspace:

Usage:
  Non-class:     10.90 MB used.
      Class:      1.69 MB used.
       Both:     12.59 MB used.

Virtual space:
  Non-class space:       64.00 MB reserved,      11.06 MB ( 17%) committed,  1 nodes.
      Class space:        1.00 GB reserved,       1.81 MB ( <1%) committed,  1 nodes.
             Both:        1.06 GB reserved,      12.88 MB (  1%) committed. 

Chunk freelists:
   Non-Class:  4.16 MB
       Class:  14.04 MB
        Both:  18.20 MB

MaxMetaspaceSize: unlimited
CompressedClassSpaceSize: 1.00 GB
Initial GC threshold: 21.00 MB
Current GC threshold: 21.00 MB
CDS: on
 - commit_granule_bytes: 65536.
 - commit_granule_words: 8192.
 - virtual_space_node_default_size: 8388608.
 - enlarge_chunks_in_place: 1.
 - use_allocation_guard: 0.


Internal statistics:

num_allocs_failed_limit: 0.
num_arena_births: 278.
num_arena_deaths: 0.
num_vsnodes_births: 2.
num_vsnodes_deaths: 0.
num_space_committed: 206.
num_space_uncommitted: 0.
num_chunks_returned_to_freelist: 0.
num_chunks_taken_from_freelist: 700.
num_chunk_merges: 0.
num_chunk_splits: 482.
num_chunks_enlarged: 350.
num_inconsistent_stats: 0.

CodeHeap 'non-profiled nmethods': size=120032Kb used=885Kb max_used=885Kb free=119146Kb
 bounds [0x00000001166c8000, 0x0000000116938000, 0x000000011dc00000]
CodeHeap 'profiled nmethods': size=120016Kb used=4719Kb max_used=4719Kb free=115296Kb
 bounds [0x000000010ec00000, 0x000000010f0a0000, 0x0000000116134000]
CodeHeap 'non-nmethods': size=5712Kb used=1616Kb max_used=1638Kb free=4095Kb
 bounds [0x0000000116134000, 0x00000001163a4000, 0x00000001166c8000]
 total_blobs=3291 nmethods=2497 adapters=702
 compilation: enabled
              stopped_count=0, restarted_count=0
 full_count=0

Compilation events (20 events):
Event: 11.810 Thread 0x000000013483da00 nmethod 2512 0x00000001167a3f90 code [0x00000001167a4140, 0x00000001167a42c0]
Event: 11.810 Thread 0x000000013483da00 2515       4       java.util.HashMap::isEmpty (13 bytes)
Event: 11.810 Thread 0x000000013483da00 nmethod 2515 0x00000001167a4410 code [0x00000001167a4580, 0x00000001167a4608]
Event: 11.810 Thread 0x0000000134846200 nmethod 2522 0x000000010f099510 code [0x000000010f099780, 0x000000010f09a170]
Event: 11.810 Thread 0x0000000134846200 2523       3       javafx.scene.layout.Region::getSnapScaleY (8 bytes)
Event: 11.810 Thread 0x000000013483da00 2526       4       java.util.RegularEnumSet::contains (57 bytes)
Event: 11.810 Thread 0x0000000134846200 nmethod 2523 0x000000010f09a490 code [0x000000010f09a700, 0x000000010f09b0f0]
Event: 11.810 Thread 0x0000000134846200 2517       1       javafx.scene.paint.Stop::getColor (5 bytes)
Event: 11.810 Thread 0x0000000134846200 nmethod 2517 0x00000001167a4710 code [0x00000001167a4880, 0x00000001167a4928]
Event: 11.810 Thread 0x0000000134846200 2521       1       javafx.css.StyleableObjectProperty::getStyleOrigin (5 bytes)
Event: 11.811 Thread 0x0000000134846200 nmethod 2521 0x00000001167a4a10 code [0x00000001167a4b80, 0x00000001167a4c28]
Event: 11.811 Thread 0x0000000134846200 2525       3       com.sun.javafx.logging.PlatformLogger::isLoggable (27 bytes)
Event: 11.811 Thread 0x0000000134846200 nmethod 2525 0x000000010f09b410 code [0x000000010f09b600, 0x000000010f09b960]
Event: 11.811 Thread 0x0000000134846200 2524       1       javafx.scene.Node::layoutBoundsProperty (5 bytes)
Event: 11.811 Thread 0x0000000134846200 nmethod 2524 0x00000001167a4d10 code [0x00000001167a4e80, 0x00000001167a4f28]
Event: 11.811 Thread 0x0000000134846200 2527       1       com.sun.javafx.UnmodifiableArrayList::size (5 bytes)
Event: 11.811 Thread 0x0000000134846200 nmethod 2527 0x00000001167a5010 code [0x00000001167a5180, 0x00000001167a5228]
Event: 11.811 Thread 0x000000013483da00 nmethod 2526 0x00000001167a5310 code [0x00000001167a54c0, 0x00000001167a55e0]
Event: 12.347 Thread 0x0000000134846200 2528       3       jdk.internal.misc.Unsafe::putIntOpaque (9 bytes)
Event: 12.347 Thread 0x0000000134846200 nmethod 2528 0x000000010f09ba90 code [0x000000010f09bc00, 0x000000010f09bd20]

GC Heap History (2 events):
Event: 0.398 GC heap before
{Heap before GC invocations=0 (full 0):
 garbage-first heap   total 264192K, used 21535K [0x0000000700000000, 0x0000000800000000)
  region size 2048K, 11 young (22528K), 0 survivors (0K)
 Metaspace       used 5595K, committed 5760K, reserved 1114112K
  class space    used 682K, committed 768K, reserved 1048576K
}
Event: 0.400 GC heap after
{Heap after GC invocations=1 (full 0):
 garbage-first heap   total 264192K, used 3679K [0x0000000700000000, 0x0000000800000000)
  region size 2048K, 2 young (4096K), 2 survivors (4096K)
 Metaspace       used 5595K, committed 5760K, reserved 1114112K
  class space    used 682K, committed 768K, reserved 1048576K
}

Dll operation events (13 events):
Event: 0.005 Loaded shared library /Users/maevebrady/Library/Java/JavaVirtualMachines/corretto-21.0.6/Contents/Home/lib/libjava.dylib
Event: 0.022 Loaded shared library /Users/maevebrady/Library/Java/JavaVirtualMachines/corretto-21.0.6/Contents/Home/lib/libnio.dylib
Event: 0.036 Loaded shared library /Users/maevebrady/Library/Java/JavaVirtualMachines/corretto-21.0.6/Contents/Home/lib/libzip.dylib
Event: 0.058 Loaded shared library /Users/maevebrady/Library/Java/JavaVirtualMachines/corretto-21.0.6/Contents/Home/lib/libnet.dylib
Event: 0.081 Loaded shared library /Users/maevebrady/Library/Java/JavaVirtualMachines/corretto-21.0.6/Contents/Home/lib/libzip.dylib
Event: 0.081 Loaded shared library /Users/maevebrady/Library/Java/JavaVirtualMachines/corretto-21.0.6/Contents/Home/lib/libinstrument.dylib
Event: 0.132 Loading shared library /Users/maevebrady/.m2/repository/org/openjfx/javafx-graphics/20.0.1/libprism_es2.dylib failed, dlopen(/Users/maevebrady/.m2/repository/org/openjfx/javafx-graphics/20.0.1/libprism_es2.dylib, 0x0001): tried: '/Users/maevebrady/.m2/rep
Event: 0.157 Loaded shared library /Users/maevebrady/.openjfx/cache/20.0.1+2/aarch64/libprism_es2.dylib
Event: 0.237 Loading shared library /Users/maevebrady/.m2/repository/org/openjfx/javafx-graphics/20.0.1/libglass.dylib failed, dlopen(/Users/maevebrady/.m2/repository/org/openjfx/javafx-graphics/20.0.1/libglass.dylib, 0x0001): tried: '/Users/maevebrady/.m2/repository/
Event: 0.242 Loaded shared library /Users/maevebrady/.openjfx/cache/20.0.1+2/aarch64/libglass.dylib
Event: 0.443 Loading shared library /Users/maevebrady/.m2/repository/org/openjfx/javafx-graphics/20.0.1/libjavafx_font.dylib failed, dlopen(/Users/maevebrady/.m2/repository/org/openjfx/javafx-graphics/20.0.1/libjavafx_font.dylib, 0x0001): tried: '/Users/maevebrady/.m2
Event: 0.444 Loaded shared library /Users/maevebrady/.openjfx/cache/20.0.1+2/aarch64/libjavafx_font.dylib
Event: 0.491 Loaded shared library /Users/maevebrady/Library/Java/JavaVirtualMachines/corretto-21.0.6/Contents/Home/lib/libjimage.dylib

Deoptimization events (20 events):
Event: 8.462 Thread 0x00000001351f6c00 DEOPT PACKING pc=0x000000011677babc sp=0x000000016bc69330
Event: 8.462 Thread 0x00000001351f6c00 DEOPT UNPACKING pc=0x000000011617701c sp=0x000000016bc69270 mode 2
Event: 8.462 Thread 0x00000001351f6c00 Uncommon trap: trap_request=0xffffffde fr.pc=0x0000000116776eb8 relative=0x00000000000012b8
Event: 8.462 Thread 0x00000001351f6c00 Uncommon trap: reason=class_check action=maybe_recompile pc=0x0000000116776eb8 method=javafx.scene.Node.updateLocalToParentTransform()V @ 11 c2
Event: 8.462 Thread 0x00000001351f6c00 DEOPT PACKING pc=0x0000000116776eb8 sp=0x000000016bc69590
Event: 8.462 Thread 0x00000001351f6c00 DEOPT UNPACKING pc=0x000000011617701c sp=0x000000016bc694f0 mode 2
Event: 11.463 Thread 0x00000001351f6c00 Uncommon trap: trap_request=0xffffff6e fr.pc=0x00000001167a0960 relative=0x0000000000000120
Event: 11.463 Thread 0x00000001351f6c00 Uncommon trap: reason=loop_limit_check action=maybe_recompile pc=0x00000001167a0960 method=javafx.scene.Parent.pickChildrenNode(Lcom/sun/javafx/geom/PickRay;Lcom/sun/javafx/scene/input/PickResultChooser;)Z @ 17 c2
Event: 11.463 Thread 0x00000001351f6c00 DEOPT PACKING pc=0x00000001167a0960 sp=0x000000016bc6ad60
Event: 11.463 Thread 0x00000001351f6c00 DEOPT UNPACKING pc=0x000000011617701c sp=0x000000016bc6ad30 mode 2
Event: 11.601 Thread 0x00000001351f6c00 Uncommon trap: trap_request=0xffffff45 fr.pc=0x000000011677d828 relative=0x00000000000001a8
Event: 11.601 Thread 0x00000001351f6c00 Uncommon trap: reason=unstable_if action=reinterpret pc=0x000000011677d828 method=javafx.scene.Node.intersects(Lcom/sun/javafx/geom/PickRay;Lcom/sun/javafx/scene/input/PickResultChooser;)Z @ 17 c2
Event: 11.601 Thread 0x00000001351f6c00 DEOPT PACKING pc=0x000000011677d828 sp=0x000000016bc6abb0
Event: 11.601 Thread 0x00000001351f6c00 DEOPT UNPACKING pc=0x000000011617701c sp=0x000000016bc6a9a0 mode 2
Event: 11.810 Thread 0x00000001351f6c00 Uncommon trap: trap_request=0xffffffde fr.pc=0x0000000116776eb8 relative=0x00000000000012b8
Event: 11.810 Thread 0x00000001351f6c00 Uncommon trap: reason=class_check action=maybe_recompile pc=0x0000000116776eb8 method=javafx.scene.Node.updateLocalToParentTransform()V @ 11 c2
Event: 11.810 Thread 0x00000001351f6c00 DEOPT PACKING pc=0x0000000116776eb8 sp=0x000000016bc68710
Event: 11.810 Thread 0x00000001351f6c00 DEOPT UNPACKING pc=0x000000011617701c sp=0x000000016bc68670 mode 2
Event: 12.340 Thread 0x00000001351f6c00 DEOPT PACKING pc=0x000000010efc4d7c sp=0x000000016bc698a0
Event: 12.340 Thread 0x00000001351f6c00 DEOPT UNPACKING pc=0x0000000116176e7c sp=0x000000016bc69580 mode 3

Classes loaded (20 events):
Event: 0.772 Loading class java/util/concurrent/ConcurrentLinkedQueue
Event: 0.772 Loading class java/util/concurrent/ConcurrentLinkedQueue done
Event: 0.772 Loading class java/util/concurrent/ConcurrentLinkedQueue$Node
Event: 0.772 Loading class java/util/concurrent/ConcurrentLinkedQueue$Node done
Event: 0.772 Loading class jdk/internal/ref/CleanerImpl$InnocuousThreadFactory
Event: 0.772 Loading class jdk/internal/ref/CleanerImpl$InnocuousThreadFactory done
Event: 0.775 Loading class sun/misc/Unsafe
Event: 0.775 Loading class sun/misc/Unsafe done
Event: 0.775 Loading class java/lang/invoke/DirectMethodHandle$StaticAccessor
Event: 0.775 Loading class java/lang/invoke/DirectMethodHandle$StaticAccessor done
Event: 0.822 Loading class java/nio/DirectFloatBufferU
Event: 0.822 Loading class java/nio/DirectFloatBufferU done
Event: 0.826 Loading class java/lang/FdLibm$Atan2
Event: 0.826 Loading class java/lang/FdLibm$Atan2 done
Event: 1.155 Loading class java/util/EnumMap$Values
Event: 1.155 Loading class java/util/EnumMap$Values done
Event: 1.155 Loading class java/util/EnumMap$ValueIterator
Event: 1.155 Loading class java/util/EnumMap$EnumMapIterator
Event: 1.155 Loading class java/util/EnumMap$EnumMapIterator done
Event: 1.155 Loading class java/util/EnumMap$ValueIterator done

Classes unloaded (0 events):
No events

Classes redefined (0 events):
No events

Internal exceptions (20 events):
Event: 0.404 Thread 0x00000001351f6c00 Exception <a 'java/lang/NullPointerException'{0x000000070feebae8}> (0x000000070feebae8) 
thrown [src/hotspot/share/interpreter/linkResolver.cpp, line 1372]
Event: 0.479 Thread 0x00000001351f6c00 Exception <a 'java/lang/NoSuchMethodError'{0x000000070f7efbe0}: 'void java.lang.invoke.DirectMethodHandle$Holder.invokeStaticInit(java.lang.Object, java.lang.Object)'> (0x000000070f7efbe0) 
thrown [src/hotspot/share/interpreter/linkResolver.cpp, line 773]
Event: 0.514 Thread 0x00000001351f6c00 Implicit null exception at 0x00000001167273d4 to 0x0000000116727628
Event: 0.515 Thread 0x00000001351f6c00 Implicit null exception at 0x000000011671f0d4 to 0x000000011671f320
Event: 0.515 Thread 0x00000001351f6c00 Implicit null exception at 0x00000001166e1564 to 0x00000001166e15dc
Event: 0.700 Thread 0x00000001351f6c00 Exception <a 'java/lang/IncompatibleClassChangeError'{0x000000070e476a98}: Found class java.lang.Object, but interface was expected> (0x000000070e476a98) 
thrown [src/hotspot/share/interpreter/linkResolver.cpp, line 840]
Event: 0.713 Thread 0x00000001351f6c00 Exception <a 'java/lang/NoSuchMethodError'{0x000000070e594360}: 'int java.lang.invoke.DirectMethodHandle$Holder.invokeSpecial(java.lang.Object, java.lang.Object, int)'> (0x000000070e594360) 
thrown [src/hotspot/share/interpreter/linkResolver.cpp, line 773]
Event: 0.713 Thread 0x00000001351f6c00 Exception <a 'java/lang/NoSuchMethodError'{0x000000070e59bdb8}: 'int java.lang.invoke.DirectMethodHandle$Holder.invokeSpecial(java.lang.Object, java.lang.Object, java.lang.Object, int)'> (0x000000070e59bdb8) 
thrown [src/hotspot/share/interpreter/linkResolver.cpp, line 773]
Event: 0.714 Thread 0x00000001351f6c00 Exception <a 'java/lang/NoSuchMethodError'{0x000000070e5ae880}: 'java.lang.Object java.lang.invoke.DirectMethodHandle$Holder.invokeStatic(java.lang.Object, java.lang.Object, java.lang.Object, java.lang.Object, int)'> (0x000000070e5ae880) 
thrown [src/hotspot/share/interpreter/linkResolver.cpp, line 773]
Event: 0.714 Thread 0x00000001351f6c00 Exception <a 'java/lang/NoSuchMethodError'{0x000000070e5b6f78}: 'int java.lang.invoke.DirectMethodHandle$Holder.invokeSpecial(java.lang.Object, java.lang.Object, java.lang.Object)'> (0x000000070e5b6f78) 
thrown [src/hotspot/share/interpreter/linkResolver.cpp, line 773]
Event: 0.724 Thread 0x00000001351f6c00 Exception <a 'java/lang/NoSuchMethodError'{0x000000070e2f3598}: 'java.lang.Object java.lang.invoke.DirectMethodHandle$Holder.newInvokeSpecial(java.lang.Object, java.lang.Object, int)'> (0x000000070e2f3598) 
thrown [src/hotspot/share/interpreter/linkResolver.cpp, line 773]
Event: 0.758 Thread 0x0000000134839e00 Exception <a 'java/lang/NoSuchMethodError'{0x000000070e087d10}: 'int java.lang.invoke.DirectMethodHandle$Holder.invokeStaticInit(java.lang.Object, java.lang.Object)'> (0x000000070e087d10) 
thrown [src/hotspot/share/interpreter/linkResolver.cpp, line 773]
Event: 1.651 Thread 0x00000001351f6c00 Exception <a 'java/lang/NoSuchMethodError'{0x000000070da7f060}: 'java.lang.Object java.lang.invoke.DirectMethodHandle$Holder.newInvokeSpecial(java.lang.Object, java.lang.Object, int, int, int, int, int, java.lang.Object)'> (0x000000070da7f060) 
thrown [src/hotspot/share/interpreter/linkResolver.cpp, line 773]
Event: 1.652 Thread 0x00000001351f6c00 Exception <a 'java/lang/NoSuchMethodError'{0x000000070da91100}: 'java.lang.Object java.lang.invoke.DirectMethodHandle$Holder.newInvokeSpecial(java.lang.Object, java.lang.Object, java.lang.Object, int, int, int, int, int)'> (0x000000070da91100) 
thrown [src/hotspot/share/interpreter/linkResolver.cpp, line 773]
Event: 1.652 Thread 0x00000001351f6c00 Exception <a 'java/lang/NoSuchMethodError'{0x000000070da98550}: 'java.lang.Object java.lang.invoke.Invokers$Holder.linkToTargetMethod(java.lang.Object, java.lang.Object, int, int, int, int, int, java.lang.Object)'> (0x000000070da98550) 
thrown [src/hotspot/share/interpreter/linkResolver.cpp, line 773]
Event: 1.670 Thread 0x00000001351f6c00 Exception <a 'java/lang/NoSuchMethodError'{0x000000070daebac0}: 'long java.lang.invoke.DirectMethodHandle$Holder.invokeStatic(java.lang.Object, java.lang.Object, java.lang.Object)'> (0x000000070daebac0) 
thrown [src/hotspot/share/interpreter/linkResolver.cpp, line 773]
Event: 1.670 Thread 0x00000001351f6c00 Exception <a 'java/lang/NoSuchMethodError'{0x000000070daeeed0}: 'long java.lang.invoke.DirectMethodHandle$Holder.invokeStaticInit(java.lang.Object, java.lang.Object, java.lang.Object)'> (0x000000070daeeed0) 
thrown [src/hotspot/share/interpreter/linkResolver.cpp, line 773]
Event: 1.671 Thread 0x00000001351f6c00 Exception <a 'java/lang/NoSuchMethodError'{0x000000070db03d00}: 'java.lang.Object java.lang.invoke.DirectMethodHandle$Holder.newInvokeSpecial(java.lang.Object, java.lang.Object, long)'> (0x000000070db03d00) 
thrown [src/hotspot/share/interpreter/linkResolver.cpp, line 773]
Event: 1.672 Thread 0x00000001351f6c00 Exception <a 'java/lang/NoSuchMethodError'{0x000000070db073a8}: 'java.lang.Object java.lang.invoke.Invokers$Holder.linkToTargetMethod(java.lang.Object, long, java.lang.Object)'> (0x000000070db073a8) 
thrown [src/hotspot/share/interpreter/linkResolver.cpp, line 773]
Event: 4.723 Thread 0x00000001351f6c00 Exception <a 'java/lang/NoSuchMethodError'{0x000000070dbf1728}: 'java.lang.Object java.lang.invoke.DirectMethodHandle$Holder.newInvokeSpecial(java.lang.Object, java.lang.Object, int, java.lang.Object, double, double, double, double, double, double, int, int, int, int, int, int, int, int)'> (0x000000070dbf1728) 
thrown [src/hotspot/share/interpreter/linkResolver.cpp, line 773]

ZGC Phase Switch (0 events):
No events

VM Operations (20 events):
Event: 2.844 Executing VM operation: Cleanup
Event: 2.844 Executing VM operation: Cleanup done
Event: 3.846 Executing VM operation: Cleanup
Event: 3.846 Executing VM operation: Cleanup done
Event: 4.849 Executing VM operation: Cleanup
Event: 4.849 Executing VM operation: Cleanup done
Event: 5.854 Executing VM operation: Cleanup
Event: 5.854 Executing VM operation: Cleanup done
Event: 6.854 Executing VM operation: Cleanup
Event: 6.854 Executing VM operation: Cleanup done
Event: 7.859 Executing VM operation: Cleanup
Event: 7.859 Executing VM operation: Cleanup done
Event: 8.864 Executing VM operation: Cleanup
Event: 8.864 Executing VM operation: Cleanup done
Event: 9.869 Executing VM operation: Cleanup
Event: 9.869 Executing VM operation: Cleanup done
Event: 10.874 Executing VM operation: Cleanup
Event: 10.874 Executing VM operation: Cleanup done
Event: 11.877 Executing VM operation: Cleanup
Event: 11.877 Executing VM operation: Cleanup done

Memory protections (20 events):
Event: 4.368 Protecting memory [0x000000016ded4000,0x000000016dee0000] with protection modes 0
Event: 5.135 Protecting memory [0x000000016ded4000,0x000000016dee0000] with protection modes 3
Event: 6.585 Protecting memory [0x000000016ded4000,0x000000016dee0000] with protection modes 0
Event: 7.652 Protecting memory [0x000000016ded4000,0x000000016dee0000] with protection modes 3
Event: 8.419 Protecting memory [0x000000016ded4000,0x000000016dee0000] with protection modes 0
Event: 8.436 Protecting memory [0x000000016fb14000,0x000000016fb20000] with protection modes 0
Event: 8.735 Protecting memory [0x000000016ded4000,0x000000016dee0000] with protection modes 3
Event: 9.019 Protecting memory [0x000000016fb14000,0x000000016fb20000] with protection modes 3
Event: 9.452 Protecting memory [0x000000016ded4000,0x000000016dee0000] with protection modes 0
Event: 10.852 Protecting memory [0x000000016ded4000,0x000000016dee0000] with protection modes 3
Event: 11.485 Protecting memory [0x000000016ded4000,0x000000016dee0000] with protection modes 0
Event: 12.347 Protecting memory [0x000000016dfec000,0x000000016dff8000] with protection modes 3
Event: 12.347 Protecting memory [0x000000016e704000,0x000000016e710000] with protection modes 3
Event: 12.347 Protecting memory [0x000000016bcfc000,0x000000016bd08000] with protection modes 3
Event: 12.347 Protecting memory [0x000000016bcfc000,0x000000016bd08000] with protection modes 0
Event: 12.347 Protecting memory [0x000000016b474000,0x000000016b480000] with protection modes 3
Event: 12.348 Protecting memory [0x000000016dfec000,0x000000016dff8000] with protection modes 0
Event: 12.348 Protecting memory [0x000000016dfec000,0x000000016dff8000] with protection modes 3
Event: 12.348 Protecting memory [0x000000016bcfc000,0x000000016bd08000] with protection modes 3
Event: 12.348 Protecting memory [0x000000016d28c000,0x000000016d298000] with protection modes 3

Nmethod flushes (0 events):
No events

Events (20 events):
Event: 5.135 Thread 0x000000012580cc00 Thread exited: 0x000000012580cc00
Event: 6.585 Thread 0x000000012702c600 Thread added: 0x000000012702c600
Event: 7.652 Thread 0x000000012702c600 Thread exited: 0x000000012702c600
Event: 8.419 Thread 0x00000001352ea600 Thread added: 0x00000001352ea600
Event: 8.436 Thread 0x0000000134846200 Thread added: 0x00000001352d5a00
Event: 8.735 Thread 0x00000001352ea600 Thread exited: 0x00000001352ea600
Event: 9.019 Thread 0x00000001352d5a00 Thread exited: 0x00000001352d5a00
Event: 9.452 Thread 0x0000000125044800 Thread added: 0x0000000125044800
Event: 10.852 Thread 0x0000000125044800 Thread exited: 0x0000000125044800
Event: 11.485 Thread 0x00000001270bfe00 Thread added: 0x00000001270bfe00
Event: 12.347 Thread 0x000000013607bc00 Thread exited: 0x000000013607bc00
Event: 12.347 Thread 0x0000000134839e00 Thread exited: 0x0000000134839e00
Event: 12.347 Thread 0x000000013480c600 Thread exited: 0x000000013480c600
Event: 12.347 Thread 0x000000013505b000 Thread added: 0x000000013505b000
Event: 12.347 Thread 0x00000001351f6c00 Thread exited: 0x00000001351f6c00
Event: 12.348 Thread 0x000000013505b000 Thread added: 0x00000001361d1000
Event: 12.348 Thread 0x00000001361d1000 Thread exited: 0x00000001361d1000
Event: 12.348 Thread 0x000000013505b000 Before exit entered
Event: 12.348 Thread 0x000000013505b000 Thread exited: 0x000000013505b000
Event: 12.348 Thread 0x000000013483c200 Thread exited: 0x000000013483c200


Dynamic libraries:
0x0000000104250000 	/Users/maevebrady/Library/Java/JavaVirtualMachines/corretto-21.0.6/Contents/Home/lib/libjli.dylib
0x000000019f754000 	/System/Library/Frameworks/Cocoa.framework/Versions/A/Cocoa
0x000000018b66f000 	/System/Library/Frameworks/AppKit.framework/Versions/C/AppKit
0x000000018e009000 	/System/Library/Frameworks/CoreData.framework/Versions/A/CoreData
0x00000001892fb000 	/System/Library/Frameworks/Foundation.framework/Versions/C/Foundation
0x000000019398d000 	/usr/lib/libSystem.B.dylib
0x000000018c577000 	/System/Library/PrivateFrameworks/UIFoundation.framework/Versions/A/UIFoundation
0x00000001f3017000 	/System/Library/PrivateFrameworks/CollectionViewCore.framework/Versions/A/CollectionViewCore
0x0000000199c15000 	/System/Library/PrivateFrameworks/RemoteViewServices.framework/Versions/A/RemoteViewServices
0x0000000191ddd000 	/System/Library/PrivateFrameworks/XCTTargetBootstrap.framework/Versions/A/XCTTargetBootstrap
0x000000019571f000 	/System/Library/PrivateFrameworks/InternationalSupport.framework/Versions/A/InternationalSupport
0x00000001957a6000 	/System/Library/PrivateFrameworks/UserActivity.framework/Versions/A/UserActivity
0x0000000209be0000 	/System/Library/PrivateFrameworks/WindowManagement.framework/Versions/A/WindowManagement
0x0000000188fc5000 	/System/Library/Frameworks/SystemConfiguration.framework/Versions/A/SystemConfiguration
0x0000000194c24000 	/usr/lib/libspindump.dylib
0x000000018c71c000 	/System/Library/Frameworks/UniformTypeIdentifiers.framework/Versions/A/UniformTypeIdentifiers
0x0000000190108000 	/usr/lib/libapp_launch_measurement.dylib
0x000000018f5ba000 	/System/Library/PrivateFrameworks/CoreAnalytics.framework/Versions/A/CoreAnalytics
0x000000019010f000 	/System/Library/PrivateFrameworks/CoreAutoLayout.framework/Versions/A/CoreAutoLayout
0x00000001915ff000 	/System/Library/Frameworks/Metal.framework/Versions/A/Metal
0x0000000192534000 	/usr/lib/liblangid.dylib
0x0000000191de3000 	/System/Library/PrivateFrameworks/CoreSVG.framework/Versions/A/CoreSVG
0x000000018d03d000 	/System/Library/PrivateFrameworks/SkyLight.framework/Versions/A/SkyLight
0x000000018d454000 	/System/Library/Frameworks/CoreGraphics.framework/Versions/A/CoreGraphics
0x000000019a2e4000 	/System/Library/Frameworks/Accelerate.framework/Versions/A/Accelerate
0x0000000194692000 	/System/Library/PrivateFrameworks/IconServices.framework/Versions/A/IconServices
0x00000001915df000 	/System/Library/Frameworks/IOSurface.framework/Versions/A/IOSurface
0x000000018f5e7000 	/usr/lib/libDiagnosticMessagesClient.dylib
0x00000001938d3000 	/usr/lib/libz.1.dylib
0x000000019d540000 	/System/Library/Frameworks/ApplicationServices.framework/Versions/A/ApplicationServices
0x0000000191dc5000 	/System/Library/PrivateFrameworks/DFRFoundation.framework/Versions/A/DFRFoundation
0x000000018aeed000 	/usr/lib/libicucore.A.dylib
0x00000001966ae000 	/System/Library/Frameworks/AudioToolbox.framework/Versions/A/AudioToolbox
0x000000019572a000 	/System/Library/PrivateFrameworks/DataDetectorsCore.framework/Versions/A/DataDetectorsCore
0x00000001ac736000 	/System/Library/PrivateFrameworks/TextInput.framework/Versions/A/TextInput
0x000000018cfa2000 	/usr/lib/libMobileGestalt.dylib
0x0000000191a91000 	/System/Library/Frameworks/Carbon.framework/Versions/A/Frameworks/HIToolbox.framework/Versions/A/HIToolbox
0x000000018fa92000 	/System/Library/Frameworks/QuartzCore.framework/Versions/A/QuartzCore
0x000000018ab4a000 	/System/Library/Frameworks/Security.framework/Versions/A/Security
0x0000000199c55000 	/System/Library/Frameworks/Carbon.framework/Versions/A/Frameworks/SpeechRecognition.framework/Versions/A/SpeechRecognition
0x000000018fe47000 	/System/Library/PrivateFrameworks/CoreUI.framework/Versions/A/CoreUI
0x000000018a46a000 	/System/Library/Frameworks/CoreAudio.framework/Versions/A/CoreAudio
0x000000018f6c3000 	/System/Library/Frameworks/DiskArbitration.framework/Versions/A/DiskArbitration
0x0000000195057000 	/System/Library/PrivateFrameworks/MultitouchSupport.framework/Versions/A/MultitouchSupport
0x000000018cfa0000 	/usr/lib/libenergytrace.dylib
0x000000018b532000 	/System/Library/Frameworks/IOKit.framework/Versions/A/IOKit
0x000000019a038000 	/System/Library/Frameworks/CoreServices.framework/Versions/A/CoreServices
0x0000000190095000 	/System/Library/PrivateFrameworks/PerformanceAnalysis.framework/Versions/A/PerformanceAnalysis
0x00000001d66b9000 	/System/Library/Frameworks/OpenGL.framework/Versions/A/OpenGL
0x0000000190159000 	/usr/lib/libxml2.2.dylib
0x0000000192f01000 	/System/Library/PrivateFrameworks/MobileKeyBag.framework/Versions/A/MobileKeyBag
0x0000000187ffc000 	/usr/lib/libobjc.A.dylib
0x00000001882b3000 	/usr/lib/libc++.1.dylib
0x000000018da9e000 	/System/Library/Frameworks/ColorSync.framework/Versions/A/ColorSync
0x00000001883d0000 	/System/Library/Frameworks/CoreFoundation.framework/Versions/A/CoreFoundation
0x000000019215b000 	/System/Library/Frameworks/CoreImage.framework/Versions/A/CoreImage
0x000000018a28b000 	/System/Library/Frameworks/CoreText.framework/Versions/A/CoreText
0x0000000191e1c000 	/System/Library/Frameworks/ImageIO.framework/Versions/A/ImageIO
0x0000000193993000 	/System/Library/PrivateFrameworks/SoftLinking.framework/Versions/A/SoftLinking
0x0000000193c26000 	/usr/lib/libcompression.dylib
0x000000019567b000 	/System/Library/PrivateFrameworks/TextureIO.framework/Versions/A/TextureIO
0x0000000194364000 	/usr/lib/libate.dylib
0x0000000193987000 	/usr/lib/system/libcache.dylib
0x0000000193940000 	/usr/lib/system/libcommonCrypto.dylib
0x000000019396e000 	/usr/lib/system/libcompiler_rt.dylib
0x0000000193964000 	/usr/lib/system/libcopyfile.dylib
0x000000018812f000 	/usr/lib/system/libcorecrypto.dylib
0x00000001881e7000 	/usr/lib/system/libdispatch.dylib
0x0000000188378000 	/usr/lib/system/libdyld.dylib
0x000000019397d000 	/usr/lib/system/libkeymgr.dylib
0x000000019391e000 	/usr/lib/system/libmacho.dylib
0x0000000192ffa000 	/usr/lib/system/libquarantine.dylib
0x000000019397a000 	/usr/lib/system/libremovefile.dylib
0x000000018d007000 	/usr/lib/system/libsystem_asl.dylib
0x00000001880cd000 	/usr/lib/system/libsystem_blocks.dylib
0x0000000188232000 	/usr/lib/system/libsystem_c.dylib
0x0000000193972000 	/usr/lib/system/libsystem_collections.dylib
0x0000000192523000 	/usr/lib/system/libsystem_configuration.dylib
0x00000001915ad000 	/usr/lib/system/libsystem_containermanager.dylib
0x000000019362f000 	/usr/lib/system/libsystem_coreservices.dylib
0x000000018b1a4000 	/usr/lib/system/libsystem_darwin.dylib
0x000000019397e000 	/usr/lib/system/libsystem_dnssd.dylib
0x000000018822f000 	/usr/lib/system/libsystem_featureflags.dylib
0x00000001883a4000 	/usr/lib/system/libsystem_info.dylib
0x00000001938e5000 	/usr/lib/system/libsystem_m.dylib
0x00000001881bb000 	/usr/lib/system/libsystem_malloc.dylib
0x000000018cf87000 	/usr/lib/system/libsystem_networkextension.dylib
0x000000018b60e000 	/usr/lib/system/libsystem_notify.dylib
0x0000000192528000 	/usr/lib/system/libsystem_sandbox.dylib
0x0000000193977000 	/usr/lib/system/libsystem_secinit.dylib
0x0000000188332000 	/usr/lib/system/libsystem_kernel.dylib
0x000000018839c000 	/usr/lib/system/libsystem_platform.dylib
0x000000018836b000 	/usr/lib/system/libsystem_pthread.dylib
0x000000018e7d6000 	/usr/lib/system/libsystem_symptoms.dylib
0x0000000188115000 	/usr/lib/system/libsystem_trace.dylib
0x0000000193951000 	/usr/lib/system/libunwind.dylib
0x00000001880d2000 	/usr/lib/system/libxpc.dylib
0x000000018831a000 	/usr/lib/libc++abi.dylib
0x000000019395c000 	/usr/lib/liboah.dylib
0x0000000194223000 	/usr/lib/liblzma.5.dylib
0x000000019398f000 	/usr/lib/libfakelink.dylib
0x000000018cbc7000 	/System/Library/Frameworks/CFNetwork.framework/Versions/A/CFNetwork
0x0000000193ace000 	/usr/lib/libarchive.2.dylib
0x0000000197fa2000 	/System/Library/Frameworks/Combine.framework/Versions/A/Combine
0x0000000196078000 	/usr/lib/swift/libswiftCore.dylib
0x00000001a983a000 	/usr/lib/swift/libswiftCoreFoundation.dylib
0x00000001a773a000 	/usr/lib/swift/libswiftDarwin.dylib
0x000000019b554000 	/usr/lib/swift/libswiftDispatch.dylib
0x00000001a985b000 	/usr/lib/swift/libswiftIOKit.dylib
0x000000019d95b000 	/usr/lib/swift/libswiftObjectiveC.dylib
0x00000001a984e000 	/usr/lib/swift/libswiftXPC.dylib
0x00000002103c3000 	/usr/lib/swift/libswift_Concurrency.dylib
0x0000000210515000 	/usr/lib/swift/libswift_StringProcessing.dylib
0x000000019d95f000 	/usr/lib/swift/libswiftos.dylib
0x000000018b4b7000 	/System/Library/PrivateFrameworks/CoreServicesInternal.framework/Versions/A/CoreServicesInternal
0x0000000193025000 	/usr/lib/libbsm.0.dylib
0x0000000193924000 	/usr/lib/system/libkxld.dylib
0x00000001900d1000 	/System/Library/Frameworks/CoreServices.framework/Versions/A/Frameworks/FSEvents.framework/Versions/A/FSEvents
0x000000018b1af000 	/System/Library/Frameworks/CoreServices.framework/Versions/A/Frameworks/CarbonCore.framework/Versions/A/CarbonCore
0x000000018f62a000 	/System/Library/Frameworks/CoreServices.framework/Versions/A/Frameworks/Metadata.framework/Versions/A/Metadata
0x0000000193635000 	/System/Library/Frameworks/CoreServices.framework/Versions/A/Frameworks/OSServices.framework/Versions/A/OSServices
0x0000000193b55000 	/System/Library/Frameworks/CoreServices.framework/Versions/A/Frameworks/SearchKit.framework/Versions/A/SearchKit
0x000000018e759000 	/System/Library/Frameworks/CoreServices.framework/Versions/A/Frameworks/AE.framework/Versions/A/AE
0x00000001888a8000 	/System/Library/Frameworks/CoreServices.framework/Versions/A/Frameworks/LaunchServices.framework/Versions/A/LaunchServices
0x00000001941cc000 	/System/Library/Frameworks/CoreServices.framework/Versions/A/Frameworks/DictionaryServices.framework/Versions/A/DictionaryServices
0x00000001900de000 	/System/Library/Frameworks/CoreServices.framework/Versions/A/Frameworks/SharedFileList.framework/Versions/A/SharedFileList
0x0000000193bf4000 	/usr/lib/libapple_nghttp2.dylib
0x000000018cbc3000 	/usr/lib/libnetwork.dylib
0x000000018e3de000 	/usr/lib/libsqlite3.dylib
0x000000018e7df000 	/System/Library/Frameworks/Network.framework/Versions/A/Network
0x000000020f549000 	/usr/lib/libCoreEntitlements.dylib
0x00000001fc456000 	/System/Library/PrivateFrameworks/MessageSecurity.framework/Versions/A/MessageSecurity
0x000000018e3c4000 	/System/Library/PrivateFrameworks/ProtocolBuffer.framework/Versions/A/ProtocolBuffer
0x0000000193611000 	/System/Library/PrivateFrameworks/AppleFSCompression.framework/Versions/A/AppleFSCompression
0x000000019300d000 	/usr/lib/libcoretls.dylib
0x000000019423c000 	/usr/lib/libcoretls_cfhelpers.dylib
0x0000000193c21000 	/usr/lib/libpam.2.dylib
0x00000001942a2000 	/usr/lib/libxar.1.dylib
0x000000019466d000 	/usr/lib/libheimdal-asn1.dylib
0x0000000193994000 	/usr/lib/libpcap.A.dylib
0x000000018e7cc000 	/usr/lib/libdns_services.dylib
0x0000000192530000 	/System/Library/PrivateFrameworks/AppleSystemInfo.framework/Versions/A/AppleSystemInfo
0x0000000192d02000 	/System/Library/PrivateFrameworks/IOMobileFramebuffer.framework/Versions/A/IOMobileFramebuffer
0x0000000193622000 	/usr/lib/libbz2.1.0.dylib
0x0000000192ffd000 	/usr/lib/libCheckFix.dylib
0x000000018d01f000 	/System/Library/PrivateFrameworks/TCC.framework/Versions/A/TCC
0x0000000192536000 	/System/Library/PrivateFrameworks/CoreNLP.framework/Versions/A/CoreNLP
0x000000018f5e9000 	/System/Library/PrivateFrameworks/MetadataUtilities.framework/Versions/A/MetadataUtilities
0x0000000193036000 	/usr/lib/libmecab.dylib
0x000000018904f000 	/usr/lib/libCRFSuite.dylib
0x0000000193093000 	/usr/lib/libgermantok.dylib
0x0000000193bcd000 	/usr/lib/libThaiTokenizer.dylib
0x000000018f6cc000 	/System/Library/Frameworks/Accelerate.framework/Versions/A/Frameworks/vImage.framework/Versions/A/vImage
0x000000019a00f000 	/System/Library/Frameworks/Accelerate.framework/Versions/A/Frameworks/vecLib.framework/Versions/A/vecLib
0x00000001942e8000 	/System/Library/Frameworks/Accelerate.framework/Versions/A/Frameworks/vecLib.framework/Versions/A/libvMisc.dylib
0x0000000192c02000 	/System/Library/Frameworks/Accelerate.framework/Versions/A/Frameworks/vecLib.framework/Versions/A/libvDSP.dylib
0x0000000188c5b000 	/System/Library/Frameworks/Accelerate.framework/Versions/A/Frameworks/vecLib.framework/Versions/A/libBLAS.dylib
0x0000000193cf8000 	/System/Library/Frameworks/Accelerate.framework/Versions/A/Frameworks/vecLib.framework/Versions/A/libLAPACK.dylib
0x0000000193096000 	/System/Library/Frameworks/Accelerate.framework/Versions/A/Frameworks/vecLib.framework/Versions/A/libLinearAlgebra.dylib
0x0000000193c0c000 	/System/Library/Frameworks/Accelerate.framework/Versions/A/Frameworks/vecLib.framework/Versions/A/libSparseBLAS.dylib
0x0000000193cf3000 	/System/Library/Frameworks/Accelerate.framework/Versions/A/Frameworks/vecLib.framework/Versions/A/libQuadrature.dylib
0x000000019262f000 	/System/Library/Frameworks/Accelerate.framework/Versions/A/Frameworks/vecLib.framework/Versions/A/libBNNS.dylib
0x0000000188f5e000 	/System/Library/Frameworks/Accelerate.framework/Versions/A/Frameworks/vecLib.framework/Versions/A/libSparse.dylib
0x00000001fb7c2000 	/System/Library/PrivateFrameworks/MIL.framework/Versions/A/MIL
0x00000001939c9000 	/usr/lib/libiconv.2.dylib
0x000000019391d000 	/usr/lib/libcharset.1.dylib
0x00000001900b1000 	/System/Library/Frameworks/OpenDirectory.framework/Versions/A/Frameworks/CFOpenDirectory.framework/Versions/A/CFOpenDirectory
0x00000001900a1000 	/System/Library/Frameworks/OpenDirectory.framework/Versions/A/OpenDirectory
0x000000019423e000 	/System/Library/PrivateFrameworks/APFS.framework/Versions/A/APFS
0x0000000192f38000 	/System/Library/Frameworks/SecurityFoundation.framework/Versions/A/SecurityFoundation
0x00000001942b1000 	/usr/lib/libutil.dylib
0x00000001fa8ba000 	/System/Library/PrivateFrameworks/InstalledContentLibrary.framework/Versions/A/InstalledContentLibrary
0x000000018b4f5000 	/System/Library/PrivateFrameworks/CoreServicesStore.framework/Versions/A/CoreServicesStore
0x00000001f198e000 	/System/Library/PrivateFrameworks/AppleMobileFileIntegrity.framework/Versions/A/AppleMobileFileIntegrity
0x00000001a9819000 	/usr/lib/libmis.dylib
0x00000001b761c000 	/System/Library/PrivateFrameworks/MobileSystemServices.framework/Versions/A/MobileSystemServices
0x00000001d19f9000 	/System/Library/PrivateFrameworks/ConfigProfileHelper.framework/Versions/A/ConfigProfileHelper
0x0000000193bcf000 	/System/Library/PrivateFrameworks/AppleSauce.framework/Versions/A/AppleSauce
0x0000000189d34000 	/System/Library/PrivateFrameworks/LanguageModeling.framework/Versions/A/LanguageModeling
0x00000001942b5000 	/usr/lib/libxslt.1.dylib
0x0000000193abc000 	/usr/lib/libcmph.dylib
0x0000000192cef000 	/System/Library/PrivateFrameworks/CoreEmoji.framework/Versions/A/CoreEmoji
0x0000000192629000 	/System/Library/PrivateFrameworks/LinguisticData.framework/Versions/A/LinguisticData
0x0000000188f16000 	/System/Library/PrivateFrameworks/Lexicon.framework/Versions/A/Lexicon
0x0000000192fcb000 	/System/Library/PrivateFrameworks/BackgroundTaskManagement.framework/Versions/A/BackgroundTaskManagement
0x000000020f6e8000 	/usr/lib/libTLE.dylib
0x0000000210460000 	/usr/lib/swift/libswift_RegexParser.dylib
0x0000000194f1c000 	/System/Library/PrivateFrameworks/AppleJPEG.framework/Versions/A/AppleJPEG
0x0000000194652000 	/usr/lib/libexpat.1.dylib
0x00000001954dd000 	/System/Library/Frameworks/ImageIO.framework/Versions/A/Resources/libPng.dylib
0x0000000195508000 	/System/Library/Frameworks/ImageIO.framework/Versions/A/Resources/libTIFF.dylib
0x00000001955f1000 	/System/Library/Frameworks/ImageIO.framework/Versions/A/Resources/libGIF.dylib
0x0000000194f61000 	/System/Library/Frameworks/ImageIO.framework/Versions/A/Resources/libJP2.dylib
0x0000000195595000 	/System/Library/Frameworks/ImageIO.framework/Versions/A/Resources/libJPEG.dylib
0x000000019558c000 	/System/Library/Frameworks/ImageIO.framework/Versions/A/Resources/libRadiance.dylib
0x000000019191a000 	/System/Library/PrivateFrameworks/FontServices.framework/libFontParser.dylib
0x000000018e6fb000 	/System/Library/PrivateFrameworks/RunningBoardServices.framework/Versions/A/RunningBoardServices
0x000000019fe7d000 	/System/Library/PrivateFrameworks/IOSurfaceAccelerator.framework/Versions/A/IOSurfaceAccelerator
0x0000000195053000 	/System/Library/PrivateFrameworks/WatchdogClient.framework/Versions/A/WatchdogClient
0x0000000189ead000 	/System/Library/Frameworks/CoreDisplay.framework/Versions/A/CoreDisplay
0x00000001917f5000 	/System/Library/Frameworks/CoreMedia.framework/Versions/A/CoreMedia
0x00000001915f5000 	/System/Library/PrivateFrameworks/IOAccelerator.framework/Versions/A/IOAccelerator
0x0000000190242000 	/System/Library/Frameworks/CoreVideo.framework/Versions/A/CoreVideo
0x0000000193c1f000 	/System/Library/Frameworks/MetalPerformanceShaders.framework/Versions/A/MetalPerformanceShaders
0x0000000195092000 	/System/Library/Frameworks/VideoToolbox.framework/Versions/A/VideoToolbox
0x000000018e63f000 	/System/Library/PrivateFrameworks/BaseBoard.framework/Versions/A/BaseBoard
0x0000000195587000 	/System/Library/PrivateFrameworks/GPUWrangler.framework/Versions/A/GPUWrangler
0x0000000195567000 	/System/Library/PrivateFrameworks/IOPresentment.framework/Versions/A/IOPresentment
0x000000019558f000 	/System/Library/PrivateFrameworks/DSExternalDisplay.framework/Versions/A/DSExternalDisplay
0x00000001f7114000 	/System/Library/PrivateFrameworks/GPUCompiler.framework/Versions/31001/Libraries/libllvm-flatbuffers.dylib
0x00000001d66ac000 	/System/Library/Frameworks/OpenGL.framework/Versions/A/Libraries/libCoreFSCache.dylib
0x00000001f7110000 	/System/Library/PrivateFrameworks/GPUCompiler.framework/Versions/31001/Libraries/libGPUCompilerUtils.dylib
0x00000001955f7000 	/System/Library/PrivateFrameworks/CMCaptureCore.framework/Versions/A/CMCaptureCore
0x00000001ebc41000 	/System/Library/Frameworks/ExtensionFoundation.framework/Versions/A/ExtensionFoundation
0x000000019bcf9000 	/System/Library/PrivateFrameworks/CoreTime.framework/Versions/A/CoreTime
0x0000000194c0f000 	/System/Library/PrivateFrameworks/AppServerSupport.framework/Versions/A/AppServerSupport
0x0000000196f90000 	/System/Library/PrivateFrameworks/perfdata.framework/Versions/A/perfdata
0x0000000189fcd000 	/System/Library/PrivateFrameworks/AudioToolboxCore.framework/Versions/A/AudioToolboxCore
0x00000001917cb000 	/System/Library/PrivateFrameworks/caulk.framework/Versions/A/caulk
0x000000019684d000 	/usr/lib/libAudioStatistics.dylib
0x00000001a8c55000 	/System/Library/PrivateFrameworks/SystemPolicy.framework/Versions/A/SystemPolicy
0x0000000196aef000 	/usr/lib/libSMC.dylib
0x000000019f629000 	/System/Library/Frameworks/CoreMIDI.framework/Versions/A/CoreMIDI
0x00000001954aa000 	/usr/lib/libAudioToolboxUtility.dylib
0x00000001a4a0d000 	/System/Library/PrivateFrameworks/OSAServicesClient.framework/Versions/A/OSAServicesClient
0x0000000196f9d000 	/usr/lib/libperfcheck.dylib
0x000000019453d000 	/System/Library/PrivateFrameworks/PlugInKit.framework/Versions/A/PlugInKit
0x0000000192f2a000 	/System/Library/PrivateFrameworks/AssertionServices.framework/Versions/A/AssertionServices
0x00000001d670e000 	/System/Library/Frameworks/OpenGL.framework/Versions/A/Libraries/libGLU.dylib
0x00000001d66cd000 	/System/Library/Frameworks/OpenGL.framework/Versions/A/Libraries/libGFXShared.dylib
0x00000001d68b4000 	/System/Library/Frameworks/OpenGL.framework/Versions/A/Libraries/libGL.dylib
0x00000001d66d6000 	/System/Library/Frameworks/OpenGL.framework/Versions/A/Libraries/libGLImage.dylib
0x00000001d66ca000 	/System/Library/Frameworks/OpenGL.framework/Versions/A/Libraries/libCVMSPluginSupport.dylib
0x000000020f6c7000 	/usr/lib/libRosetta.dylib
0x00000001d66b3000 	/System/Library/Frameworks/OpenGL.framework/Versions/A/Libraries/libCoreVMClient.dylib
0x00000001924ad000 	/System/Library/Frameworks/MetalPerformanceShaders.framework/Versions/A/Frameworks/MPSCore.framework/Versions/A/MPSCore
0x0000000193587000 	/System/Library/Frameworks/MetalPerformanceShaders.framework/Versions/A/Frameworks/MPSImage.framework/Versions/A/MPSImage
0x00000001930ab000 	/System/Library/Frameworks/MetalPerformanceShaders.framework/Versions/A/Frameworks/MPSNeuralNetwork.framework/Versions/A/MPSNeuralNetwork
0x0000000193497000 	/System/Library/Frameworks/MetalPerformanceShaders.framework/Versions/A/Frameworks/MPSMatrix.framework/Versions/A/MPSMatrix
0x00000001932a9000 	/System/Library/Frameworks/MetalPerformanceShaders.framework/Versions/A/Frameworks/MPSRayIntersector.framework/Versions/A/MPSRayIntersector
0x00000001934c5000 	/System/Library/Frameworks/MetalPerformanceShaders.framework/Versions/A/Frameworks/MPSNDArray.framework/Versions/A/MPSNDArray
0x00000001ecffa000 	/System/Library/Frameworks/MetalPerformanceShaders.framework/Versions/A/Frameworks/MPSFunctions.framework/Versions/A/MPSFunctions
0x0000000188b21000 	/System/Library/PrivateFrameworks/MetalTools.framework/Versions/A/MetalTools
0x000000019252e000 	/System/Library/PrivateFrameworks/AggregateDictionary.framework/Versions/A/AggregateDictionary
0x00000001943f6000 	/usr/lib/libIOReport.dylib
0x000000019e81f000 	/System/Library/PrivateFrameworks/ASEProcessing.framework/Versions/A/ASEProcessing
0x00000001947ad000 	/System/Library/PrivateFrameworks/GraphVisualizer.framework/Versions/A/GraphVisualizer
0x00000001f7021000 	/System/Library/PrivateFrameworks/FontServices.framework/Versions/A/FontServices
0x0000000194bcd000 	/System/Library/PrivateFrameworks/OTSVG.framework/Versions/A/OTSVG
0x000000018fdf5000 	/System/Library/Frameworks/ApplicationServices.framework/Versions/A/Frameworks/ATS.framework/Versions/A/Resources/libFontRegistry.dylib
0x0000000194c19000 	/System/Library/PrivateFrameworks/FontServices.framework/libhvf.dylib
0x00000001f7022000 	/System/Library/PrivateFrameworks/FontServices.framework/libXTFontStaticRegistryData.dylib
0x0000000208a46000 	/System/Library/PrivateFrameworks/VideoToolboxParavirtualizationSupport.framework/Versions/A/VideoToolboxParavirtualizationSupport
0x0000000194606000 	/System/Library/PrivateFrameworks/AppleVA.framework/Versions/A/AppleVA
0x000000019688d000 	/System/Library/Frameworks/ApplicationServices.framework/Versions/A/Frameworks/ATS.framework/Versions/A/ATS
0x000000018db91000 	/System/Library/Frameworks/ApplicationServices.framework/Versions/A/Frameworks/HIServices.framework/Versions/A/HIServices
0x0000000195603000 	/System/Library/Frameworks/ApplicationServices.framework/Versions/A/Frameworks/PrintCore.framework/Versions/A/PrintCore
0x0000000196c48000 	/System/Library/Frameworks/ApplicationServices.framework/Versions/A/Frameworks/QD.framework/Versions/A/QD
0x0000000196c3c000 	/System/Library/Frameworks/ApplicationServices.framework/Versions/A/Frameworks/ColorSyncLegacy.framework/Versions/A/ColorSyncLegacy
0x0000000196861000 	/System/Library/Frameworks/ApplicationServices.framework/Versions/A/Frameworks/SpeechSynthesis.framework/Versions/A/SpeechSynthesis
0x00000001955c1000 	/System/Library/Frameworks/ApplicationServices.framework/Versions/A/Frameworks/ATSUI.framework/Versions/A/ATSUI
0x0000000196bcf000 	/usr/lib/libcups.2.dylib
0x0000000196fab000 	/System/Library/Frameworks/Kerberos.framework/Versions/A/Kerberos
0x0000000196fbc000 	/System/Library/Frameworks/GSS.framework/Versions/A/GSS
0x00000001968ff000 	/usr/lib/libresolv.9.dylib
0x0000000194c29000 	/System/Library/PrivateFrameworks/Heimdal.framework/Versions/A/Heimdal
0x000000019d8de000 	/System/Library/Frameworks/Kerberos.framework/Versions/A/Libraries/libHeimdalProxy.dylib
0x000000019700c000 	/System/Library/PrivateFrameworks/CommonAuth.framework/Versions/A/CommonAuth
0x00000001d790c000 	/System/Library/Frameworks/AVFAudio.framework/Versions/A/AVFAudio
0x00000001a4a5c000 	/System/Library/PrivateFrameworks/AXCoreUtilities.framework/Versions/A/AXCoreUtilities
0x00000001967d9000 	/System/Library/PrivateFrameworks/AudioSession.framework/Versions/A/AudioSession
0x0000000197d5b000 	/System/Library/Frameworks/IOBluetooth.framework/Versions/A/IOBluetooth
0x0000000194707000 	/System/Library/PrivateFrameworks/MediaExperience.framework/Versions/A/MediaExperience
0x0000000196674000 	/System/Library/PrivateFrameworks/AudioSession.framework/libSessionUtility.dylib
0x0000000196c54000 	/System/Library/PrivateFrameworks/AudioResourceArbitration.framework/Versions/A/AudioResourceArbitration
0x000000019ac2e000 	/System/Library/PrivateFrameworks/PowerLog.framework/Versions/A/PowerLog
0x000000019ab71000 	/System/Library/Frameworks/CoreBluetooth.framework/Versions/A/CoreBluetooth
0x000000019d8df000 	/System/Library/Frameworks/AudioUnit.framework/Versions/A/AudioUnit
0x0000000192d8d000 	/System/Library/PrivateFrameworks/CoreUtils.framework/Versions/A/CoreUtils
0x00000001f5a56000 	/System/Library/PrivateFrameworks/CoreUtilsExtras.framework/Versions/A/CoreUtilsExtras
0x00000001fa758000 	/System/Library/PrivateFrameworks/IO80211.framework/Versions/A/IO80211
0x0000000194677000 	/System/Library/PrivateFrameworks/IconFoundation.framework/Versions/A/IconFoundation
0x0000000199c41000 	/System/Library/PrivateFrameworks/SpeechRecognitionCore.framework/Versions/A/SpeechRecognitionCore
0x000000010541c000 	/Users/maevebrady/Library/Java/JavaVirtualMachines/corretto-21.0.6/Contents/Home/lib/server/libjvm.dylib
0x00000001041fc000 	/Users/maevebrady/Library/Java/JavaVirtualMachines/corretto-21.0.6/Contents/Home/lib/libjimage.dylib
0x00000001042b8000 	/Users/maevebrady/Library/Java/JavaVirtualMachines/corretto-21.0.6/Contents/Home/lib/libinstrument.dylib
0x0000000104300000 	/Users/maevebrady/Library/Java/JavaVirtualMachines/corretto-21.0.6/Contents/Home/lib/libjava.dylib
0x0000000104db0000 	/Users/maevebrady/Library/Java/JavaVirtualMachines/corretto-21.0.6/Contents/Home/lib/libnio.dylib
0x0000000104dd0000 	/Users/maevebrady/Library/Java/JavaVirtualMachines/corretto-21.0.6/Contents/Home/lib/libnet.dylib
0x0000000105000000 	/Users/maevebrady/Library/Java/JavaVirtualMachines/corretto-21.0.6/Contents/Home/lib/libzip.dylib
0x00000001042e8000 	/Users/maevebrady/.openjfx/cache/20.0.1+2/aarch64/libprism_es2.dylib
0x00000001d68be000 	/System/Library/Frameworks/OpenGL.framework/Versions/A/Resources/GLEngine.bundle/GLEngine
0x00000001d6748000 	/System/Library/Frameworks/OpenGL.framework/Versions/A/Libraries/libGLProgrammability.dylib
0x0000000105340000 	/System/Library/Extensions/AppleMetalOpenGLRenderer.bundle/Contents/MacOS/AppleMetalOpenGLRenderer
0x00000001d6a2c000 	/System/Library/Frameworks/OpenGL.framework/Versions/A/Resources/GLRendererFloat.bundle/GLRendererFloat
0x00000001d6b29000 	/System/Library/Extensions/AGXMetal13_3.bundle/Contents/MacOS/AGXMetal13_3
0x00000001a982d000 	/System/Library/PrivateFrameworks/GPURawCounter.framework/Versions/A/GPURawCounter
0x00000001a3b1f000 	/System/Library/PrivateFrameworks/IOGPU.framework/Versions/A/IOGPU
0x0000000124558000 	/Users/maevebrady/.openjfx/cache/20.0.1+2/aarch64/libglass.dylib
0x000000019ae7e000 	/System/Library/Frameworks/FileProvider.framework/Versions/A/FileProvider
0x000000018e5a7000 	/System/Library/Frameworks/Accounts.framework/Versions/A/Accounts
0x00000001902e0000 	/System/Library/PrivateFrameworks/UserManagement.framework/Versions/A/UserManagement
0x000000019b005000 	/System/Library/PrivateFrameworks/GenerationalStorage.framework/Versions/A/GenerationalStorage
0x000000019bc1f000 	/System/Library/PrivateFrameworks/CoreSymbolication.framework/Versions/A/CoreSymbolication
0x000000019ac22000 	/System/Library/PrivateFrameworks/SymptomDiagnosticReporter.framework/Versions/A/SymptomDiagnosticReporter
0x000000018c732000 	/System/Library/PrivateFrameworks/DesktopServicesPriv.framework/Versions/A/DesktopServicesPriv
0x000000018b61e000 	/usr/lib/libsandbox.1.dylib
0x000000019bbe0000 	/System/Library/PrivateFrameworks/DebugSymbols.framework/Versions/A/DebugSymbols
0x0000000196c2f000 	/System/Library/PrivateFrameworks/NetAuth.framework/Versions/A/NetAuth
0x0000000197bd3000 	/System/Library/PrivateFrameworks/Sharing.framework/Versions/A/Sharing
0x00000001902a4000 	/System/Library/PrivateFrameworks/login.framework/Versions/A/Frameworks/loginsupport.framework/Versions/A/loginsupport
0x000000019ce1c000 	/System/Library/PrivateFrameworks/Apple80211.framework/Versions/A/Apple80211
0x0000000193668000 	/System/Library/PrivateFrameworks/AuthKit.framework/Versions/A/AuthKit
0x0000000192d0f000 	/System/Library/Frameworks/CoreWLAN.framework/Versions/A/CoreWLAN
0x000000019ce20000 	/System/Library/PrivateFrameworks/CoreWiFi.framework/Versions/A/CoreWiFi
0x00000001cb3c2000 	/System/Library/PrivateFrameworks/WiFiPeerToPeer.framework/Versions/A/WiFiPeerToPeer
0x000000019b79a000 	/System/Library/PrivateFrameworks/FrontBoardServices.framework/Versions/A/FrontBoardServices
0x000000019b835000 	/System/Library/PrivateFrameworks/BoardServices.framework/Versions/A/BoardServices
0x000000019cf7a000 	/System/Library/PrivateFrameworks/BackBoardServices.framework/Versions/A/BackBoardServices
0x00000001937bb000 	/System/Library/Frameworks/UserNotifications.framework/Versions/A/UserNotifications
0x0000000197105000 	/System/Library/PrivateFrameworks/CorePhoneNumbers.framework/Versions/A/CorePhoneNumbers
0x000000019692c000 	/System/Library/PrivateFrameworks/MultiverseSupport.framework/Versions/A/MultiverseSupport
0x000000019d203000 	/System/Library/PrivateFrameworks/RemoteServiceDiscovery.framework/Versions/A/RemoteServiceDiscovery
0x000000019ad4e000 	/System/Library/PrivateFrameworks/DiskManagement.framework/Versions/A/DiskManagement
0x000000019ac55000 	/System/Library/PrivateFrameworks/AppleIDAuthSupport.framework/Versions/A/AppleIDAuthSupport
0x00000001efd08000 	/System/Library/PrivateFrameworks/AAAFoundation.framework/Versions/A/AAAFoundation
0x00000001970dd000 	/System/Library/PrivateFrameworks/KeychainCircle.framework/Versions/A/KeychainCircle
0x000000019d217000 	/System/Library/PrivateFrameworks/RemoteXPC.framework/Versions/A/RemoteXPC
0x000000019ad1a000 	/System/Library/PrivateFrameworks/MediaKit.framework/Versions/A/MediaKit
0x000000019ac62000 	/System/Library/Frameworks/DiscRecording.framework/Versions/A/DiscRecording
0x0000000194582000 	/usr/lib/libCoreStorage.dylib
0x000000019d27f000 	/usr/lib/libcsfde.dylib
0x0000000197e30000 	/System/Library/PrivateFrameworks/ProtectedCloudStorage.framework/Versions/A/ProtectedCloudStorage
0x000000019d277000 	/System/Library/PrivateFrameworks/EFILogin.framework/Versions/A/EFILogin
0x000000019b02b000 	/System/Library/PrivateFrameworks/OctagonTrust.framework/Versions/A/OctagonTrust
0x000000019457a000 	/usr/lib/libMatch.1.dylib
0x00000001ae0a4000 	/System/Library/Frameworks/Accelerate.framework/Versions/A/Frameworks/vImage.framework/Versions/A/Libraries/libCGInterfaces.dylib
0x00000001245e4000 	/usr/lib/libobjc-trampolines.dylib
0x000000020f41f000 	/usr/lib/libAccessibilityBaseImplementations.dylib
0x000000018ff8d000 	/System/Library/PrivateFrameworks/ViewBridge.framework/Versions/A/ViewBridge
0x0000000135ad4000 	/Users/maevebrady/.openjfx/cache/20.0.1+2/aarch64/libjavafx_font.dylib
0x0000000194cec000 	/System/Library/PrivateFrameworks/login.framework/Versions/A/login


VM Arguments:
jvm_args: -javaagent:/Applications/IntelliJ IDEA.app/Contents/lib/idea_rt.jar=57839:/Applications/IntelliJ IDEA.app/Contents/bin -Dfile.encoding=UTF-8 -Dsun.stdout.encoding=UTF-8 -Dsun.stderr.encoding=UTF-8 --module-path=/Users/maevebrady/.m2/repository/org/openjfx/javafx-controls/20.0.1/javafx-controls-20.0.1-mac-aarch64.jar:/Users/maevebrady/.m2/repository/org/openjfx/javafx-base/20.0.1/javafx-base-20.0.1-mac-aarch64.jar:/Users/maevebrady/IdeaProjects/fluffyKittenGroup28_part2/FXMLPolygon/HexagonalBoard/target/classes:/Users/maevebrady/.m2/repository/org/openjfx/javafx-graphics/20.0.1/javafx-graphics-20.0.1-mac-aarch64.jar:/Users/maevebrady/.m2/repository/org/openjfx/javafx-fxml/20.0.1/javafx-fxml-20.0.1-mac-aarch64.jar -Djdk.module.main=comp20050.hexagonalboard 
java_command: comp20050.hexagonalboard/comp20050.hexagonalboard.HelloApplication
java_class_path (initial): /Users/maevebrady/.m2/repository/org/openjfx/javafx-controls/20.0.1/javafx-controls-20.0.1.jar:/Users/maevebrady/.m2/repository/org/openjfx/javafx-graphics/20.0.1/javafx-graphics-20.0.1.jar:/Users/maevebrady/.m2/repository/org/openjfx/javafx-base/20.0.1/javafx-base-20.0.1.jar:/Users/maevebrady/.m2/repository/org/openjfx/javafx-fxml/20.0.1/javafx-fxml-20.0.1.jar:/Users/maevebrady/.m2/repository/org/controlsfx/controlsfx/11.2.1/controlsfx-11.2.1.jar:/Users/maevebrady/.m2/repository/com/dlsc/formsfx/formsfx-core/11.6.0/formsfx-core-11.6.0.jar:/Users/maevebrady/.m2/repository/org/kordamp/bootstrapfx/bootstrapfx-core/0.4.0/bootstrapfx-core-0.4.0.jar
Launcher Type: SUN_STANDARD

[Global flags]
     intx CICompilerCount                          = 4                                         {product} {ergonomic}
     uint ConcGCThreads                            = 2                                         {product} {ergonomic}
     uint G1ConcRefinementThreads                  = 8                                         {product} {ergonomic}
   size_t G1HeapRegionSize                         = 2097152                                   {product} {ergonomic}
    uintx GCDrainStackTargetSize                   = 64                                        {product} {ergonomic}
   size_t InitialHeapSize                          = 268435456                                 {product} {ergonomic}
   size_t MarkStackSize                            = 4194304                                   {product} {ergonomic}
   size_t MaxHeapSize                              = 4294967296                                {product} {ergonomic}
   size_t MaxNewSize                               = 2575302656                                {product} {ergonomic}
   size_t MinHeapDeltaBytes                        = 2097152                                   {product} {ergonomic}
   size_t MinHeapSize                              = 8388608                                   {product} {ergonomic}
    uintx NonNMethodCodeHeapSize                   = 5839564                                {pd product} {ergonomic}
    uintx NonProfiledCodeHeapSize                  = 122909338                              {pd product} {ergonomic}
    uintx ProfiledCodeHeapSize                     = 122909338                              {pd product} {ergonomic}
    uintx ReservedCodeCacheSize                    = 251658240                              {pd product} {ergonomic}
     bool SegmentedCodeCache                       = true                                      {product} {ergonomic}
   size_t SoftMaxHeapSize                          = 4294967296                             {manageable} {ergonomic}
     bool UseCompressedOops                        = true                           {product lp64_product} {ergonomic}
     bool UseG1GC                                  = true                                      {product} {ergonomic}
     bool UseNUMA                                  = false                                     {product} {ergonomic}
     bool UseNUMAInterleaving                      = false                                     {product} {ergonomic}

Logging:
Log output configuration:
 #0: stdout all=warning uptime,level,tags foldmultilines=false
 #1: stderr all=off uptime,level,tags foldmultilines=false

Environment Variables:
PATH=/Users/maevebrady/anaconda3/bin:/Users/maevebrady/anaconda3/condabin:/opt/homebrew/bin:/opt/homebrew/sbin:/Library/Frameworks/Python.framework/Versions/3.11/bin:/usr/local/bin:/System/Cryptexes/App/usr/bin:/usr/bin:/bin:/usr/sbin:/sbin:/Users/maevebrady/.cargo/bin
SHELL=/bin/zsh
LC_CTYPE=en_IE.UTF-8
TMPDIR=/var/folders/wz/b4twqb_97wnbd9d9xvlsyy600000gn/T/

Active Locale:
LC_ALL=C/en_IE.UTF-8/C/C/C/C
LC_COLLATE=C
LC_CTYPE=en_IE.UTF-8
LC_MESSAGES=C
LC_MONETARY=C
LC_NUMERIC=C
LC_TIME=C

Signal Handlers:
   SIGSEGV: crash_handler in libjvm.dylib, mask=11100110000111110111111111111111, flags=SA_ONSTACK|SA_RESTART|SA_SIGINFO, unblocked
    SIGBUS: crash_handler in libjvm.dylib, mask=11100110000111110111111111111111, flags=SA_RESTART|SA_SIGINFO, unblocked
    SIGFPE: crash_handler in libjvm.dylib, mask=11100110000111110111111111111111, flags=SA_RESTART|SA_SIGINFO, unblocked
   SIGPIPE: javaSignalHandler in libjvm.dylib, mask=11100110000111110111111111111111, flags=SA_RESTART|SA_SIGINFO, blocked
   SIGXFSZ: javaSignalHandler in libjvm.dylib, mask=11100110000111110111111111111111, flags=SA_RESTART|SA_SIGINFO, blocked
    SIGILL: crash_handler in libjvm.dylib, mask=11100110000111110111111111111111, flags=SA_RESTART|SA_SIGINFO, unblocked
   SIGUSR2: SR_handler in libjvm.dylib, mask=00000000000000000000000000000000, flags=SA_RESTART|SA_SIGINFO, blocked
    SIGHUP: UserHandler in libjvm.dylib, mask=11100110000111110111111111111111, flags=SA_RESTART|SA_SIGINFO, blocked
    SIGINT: UserHandler in libjvm.dylib, mask=11100110000111110111111111111111, flags=SA_RESTART|SA_SIGINFO, blocked
   SIGTERM: UserHandler in libjvm.dylib, mask=11100110000111110111111111111111, flags=SA_RESTART|SA_SIGINFO, blocked
   SIGQUIT: UserHandler in libjvm.dylib, mask=11100110000111110111111111111111, flags=SA_RESTART|SA_SIGINFO, blocked
   SIGTRAP: crash_handler in libjvm.dylib, mask=11100110000111110111111111111111, flags=SA_RESTART|SA_SIGINFO, unblocked


Periodic native trim disabled

---------------  S Y S T E M  ---------------

OS:
uname: Darwin 22.1.0 Darwin Kernel Version 22.1.0: Sun Oct  9 20:14:30 PDT 2022; root:xnu-8792.41.9~2/RELEASE_ARM64_T8103 arm64
OS uptime: 77 days 22:59 hours
rlimit (soft/hard): STACK 8176k/65520k , CORE 0k/infinity , NPROC 2666/4000 , NOFILE 1048576/infinity , AS infinity/infinity , CPU infinity/infinity , DATA infinity/infinity , FSIZE infinity/infinity , MEMLOCK infinity/infinity , RSS infinity/infinity
load average: 1.42 1.48 1.63

CPU: total 8 (initial active 8) 0x61:0x0:0x1b588bb3:0, fp, asimd, aes, pmull, sha1, sha256, crc32, lse, sha3, sha512
machdep.cpu.brand_string:Apple M1
hw.cachelinesize:128
hw.l1icachesize:131072
hw.l1dcachesize:65536
hw.l2cachesize:4194304

Memory: 16k page, physical 16777216k(486528k free), swap 8388608k(1186560k free)

vm_info: OpenJDK 64-Bit Server VM (21.0.6+7-LTS) for bsd-aarch64 JRE (21.0.6+7-LTS), built on 2025-01-07T23:40:43Z by "ec2user" with clang Apple LLVM 14.0.0 (clang-1400.0.29.202)

END.
